#
# There is insufficient memory for the Java Runtime Environment to continue.
# Native memory allocation (mmap) failed to map 27262976 bytes for G1 virtual space
# Possible reasons:
#   The system is out of physical RAM or swap space
#   The process is running with CompressedOops enabled, and the Java Heap may be blocking the growth of the native heap
# Possible solutions:
#   Reduce memory load on the system
#   Increase physical memory or swap space
#   Check if swap backing store is full
#   Decrease Java heap size (-Xmx/-Xms)
#   Decrease number of Java threads
#   Decrease Java thread stack sizes (-Xss)
#   Set larger code cache with -XX:ReservedCodeCacheSize=
#   JVM is running with Unscaled Compressed Oops mode in which the Java heap is
#     placed in the first 4GB address space. The Java Heap base address is the
#     maximum limit for the native heap growth. Please use -XX:HeapBaseMinAddress
#     to set the Java Heap base and to place the Java Heap above 4GB virtual address.
# This output file may be truncated or incomplete.
#
#  Out of Memory Error (os_windows.cpp:3541), pid=12020, tid=7052
#
# JRE version: OpenJDK Runtime Environment Temurin-17.0.4+8 (17.0.4+8) (build 17.0.4+8)
# Java VM: OpenJDK 64-Bit Server VM Temurin-17.0.4+8 (17.0.4+8, mixed mode, emulated-client, tiered, compressed oops, compressed class ptrs, g1 gc, windows-amd64)
# No core dump will be written. Minidumps are not enabled by default on client versions of Windows
#

---------------  S U M M A R Y ------------

Command Line: -Dcom.sun.management.jmxremote -Dcom.sun.management.jmxremote.port=63177 -Dcom.sun.management.jmxremote.authenticate=false -Dcom.sun.management.jmxremote.ssl=false -Djava.rmi.server.hostname=localhost -Dspring.jmx.enabled=true -Dspring.application.admin.enabled=true -XX:TieredStopAtLevel=1 -Dspring.boot.project.name=ProductsManagementSystem -Dfile.encoding=UTF-8 -XX:+ShowCodeDetailsInExceptionMessages com.product.ProductsManagementSystemApplication --spring.output.ansi.enabled=always

Host: Intel(R) Xeon(R) Platinum 8272CL CPU @ 2.60GHz, 2 cores, 7G,  Windows 10 , 64 bit Build 19041 (10.0.19041.1889)
Time: Mon Sep 12 05:30:06 2022 Coordinated Universal Time elapsed time: 1.731319 seconds (0d 0h 0m 1s)

---------------  T H R E A D  ---------------

Current thread (0x000001c5096a89f0):  VMThread "VM Thread" [stack: 0x00000012b6300000,0x00000012b6400000] [id=7052]

Stack: [0x00000012b6300000,0x00000012b6400000]
Native frames: (J=compiled Java code, j=interpreted, Vv=VM code, C=native code)
V  [jvm.dll+0x67733a]
V  [jvm.dll+0x8323c4]
V  [jvm.dll+0x833b6e]
V  [jvm.dll+0x8341d3]
V  [jvm.dll+0x2455e5]
V  [jvm.dll+0x674229]
V  [jvm.dll+0x668ab2]
V  [jvm.dll+0x30458b]
V  [jvm.dll+0x30bad6]
V  [jvm.dll+0x35ba7e]
V  [jvm.dll+0x35bcaf]
V  [jvm.dll+0x2db428]
V  [jvm.dll+0x2d96dc]
V  [jvm.dll+0x2d8cac]
V  [jvm.dll+0x32c6fc]
V  [jvm.dll+0x83867b]
V  [jvm.dll+0x8393b4]
V  [jvm.dll+0x8398cc]
V  [jvm.dll+0x839ca4]
V  [jvm.dll+0x839d70]
V  [jvm.dll+0x7e245a]
V  [jvm.dll+0x6761c5]
C  [ucrtbase.dll+0x21bb2]
C  [KERNEL32.DLL+0x17034]
C  [ntdll.dll+0x52651]

VM_Operation (0x00000012b78fe110): CollectForMetadataAllocation, mode: safepoint, requested by thread 0x000001c50bbdafc0


---------------  P R O C E S S  ---------------

Threads class SMR info:
_java_thread_list=0x000001c50bb73bd0, length=20, elements={
0x000001c57c519050, 0x000001c5096d2560, 0x000001c5096d4a50, 0x000001c509707680,
0x000001c509707f40, 0x000001c509708800, 0x000001c50a10a470, 0x000001c50a10ad30,
0x000001c50a14b110, 0x000001c50a27d030, 0x000001c50a295030, 0x000001c50a2e6c10,
0x000001c50a82dcb0, 0x000001c50a84a370, 0x000001c50a84ac90, 0x000001c50abd76b0,
0x000001c50abf0720, 0x000001c50ac17f20, 0x000001c50abf77b0, 0x000001c50bbdafc0
}

Java Threads: ( => current thread )
  0x000001c57c519050 JavaThread "main" [_thread_blocked, id=7672, stack(0x00000012b5d00000,0x00000012b5e00000)]
  0x000001c5096d2560 JavaThread "Reference Handler" daemon [_thread_blocked, id=12940, stack(0x00000012b6400000,0x00000012b6500000)]
  0x000001c5096d4a50 JavaThread "Finalizer" daemon [_thread_blocked, id=10036, stack(0x00000012b6500000,0x00000012b6600000)]
  0x000001c509707680 JavaThread "Signal Dispatcher" daemon [_thread_blocked, id=11696, stack(0x00000012b6600000,0x00000012b6700000)]
  0x000001c509707f40 JavaThread "Attach Listener" daemon [_thread_blocked, id=13492, stack(0x00000012b6700000,0x00000012b6800000)]
  0x000001c509708800 JavaThread "Service Thread" daemon [_thread_blocked, id=11816, stack(0x00000012b6800000,0x00000012b6900000)]
  0x000001c50a10a470 JavaThread "Monitor Deflation Thread" daemon [_thread_blocked, id=15016, stack(0x00000012b6900000,0x00000012b6a00000)]
  0x000001c50a10ad30 JavaThread "C1 CompilerThread0" daemon [_thread_blocked, id=8416, stack(0x00000012b6a00000,0x00000012b6b00000)]
  0x000001c50a14b110 JavaThread "Sweeper thread" daemon [_thread_blocked, id=5576, stack(0x00000012b6b00000,0x00000012b6c00000)]
  0x000001c50a27d030 JavaThread "Common-Cleaner" daemon [_thread_blocked, id=11632, stack(0x00000012b6c00000,0x00000012b6d00000)]
  0x000001c50a295030 JavaThread "C1 CompilerThread1" daemon [_thread_blocked, id=7488, stack(0x00000012b6d00000,0x00000012b6e00000)]
  0x000001c50a2e6c10 JavaThread "Notification Thread" daemon [_thread_blocked, id=7768, stack(0x00000012b6e00000,0x00000012b6f00000)]
  0x000001c50a82dcb0 JavaThread "RMI TCP Accept-0" daemon [_thread_in_native, id=14424, stack(0x00000012b7000000,0x00000012b7100000)]
  0x000001c50a84a370 JavaThread "RMI TCP Accept-63177" daemon [_thread_in_native, id=6412, stack(0x00000012b7100000,0x00000012b7200000)]
  0x000001c50a84ac90 JavaThread "RMI TCP Accept-0" daemon [_thread_in_native, id=5912, stack(0x00000012b7200000,0x00000012b7300000)]
  0x000001c50abd76b0 JavaThread "RMI TCP Connection(1)-127.0.0.1" daemon [_thread_in_native, id=15044, stack(0x00000012b7400000,0x00000012b7500000)]
  0x000001c50abf0720 JavaThread "RMI TCP Connection(2)-127.0.0.1" daemon [_thread_blocked, id=9580, stack(0x00000012b7500000,0x00000012b7600000)]
  0x000001c50ac17f20 JavaThread "RMI Scheduler(0)" daemon [_thread_blocked, id=11452, stack(0x00000012b7600000,0x00000012b7700000)]
  0x000001c50abf77b0 JavaThread "JMX server connection timeout 20" daemon [_thread_blocked, id=2552, stack(0x00000012b7700000,0x00000012b7800000)]
  0x000001c50bbdafc0 JavaThread "background-preinit" [_thread_blocked, id=12836, stack(0x00000012b7800000,0x00000012b7900000)]

Other Threads:
=>0x000001c5096a89f0 VMThread "VM Thread" [stack: 0x00000012b6300000,0x00000012b6400000] [id=7052]
  0x000001c57c519f10 WatcherThread [stack: 0x00000012b7300000,0x00000012b7400000] [id=13524]
  0x000001c57c577220 GCTaskThread "GC Thread#0" [stack: 0x00000012b5e00000,0x00000012b5f00000] [id=7852]
  0x000001c50a77d000 GCTaskThread "GC Thread#1" [stack: 0x00000012b6f00000,0x00000012b7000000] [id=13460]
  0x000001c57c588070 ConcurrentGCThread "G1 Main Marker" [stack: 0x00000012b5f00000,0x00000012b6000000] [id=15060]
  0x000001c57c5892e0 ConcurrentGCThread "G1 Conc#0" [stack: 0x00000012b6000000,0x00000012b6100000] [id=8784]
  0x000001c509520090 ConcurrentGCThread "G1 Refine#0" [stack: 0x00000012b6100000,0x00000012b6200000] [id=12408]
  0x000001c509521ab0 ConcurrentGCThread "G1 Service" [stack: 0x00000012b6200000,0x00000012b6300000] [id=10484]

Threads with active compile tasks:

VM state: at safepoint (normal execution)

VM Mutex/Monitor currently owned by a thread:  ([mutex/lock_event])
[0x000001c57c515880] Threads_lock - owner thread: 0x000001c5096a89f0
[0x000001c57c515400] Heap_lock - owner thread: 0x000001c50bbdafc0

Heap address: 0x0000000080000000, size: 2048 MB, Compressed Oops mode: 32-bit

CDS archive(s) not mapped
Compressed class space mapped at: 0x0000000100000000-0x0000000140000000, reserved size: 1073741824
Narrow klass base: 0x0000000000000000, Narrow klass shift: 3, Narrow klass range: 0x140000000

GC Precious Log:
 CPUs: 2 total, 2 available
 Memory: 8190M
 Large Page Support: Disabled
 NUMA Support: Disabled
 Compressed Oops: Enabled (32-bit)
 Heap Region Size: 1M
 Heap Min Capacity: 8M
 Heap Initial Capacity: 128M
 Heap Max Capacity: 2G
 Pre-touch: Disabled
 Parallel Workers: 2
 Concurrent Workers: 1
 Concurrent Refinement Workers: 2
 Periodic GC: Disabled

Heap:
 garbage-first heap   total 131072K, used 8816K [0x0000000080000000, 0x0000000100000000)
  region size 1024K, 2 young (2048K), 2 survivors (2048K)
 Metaspace       used 21291K, committed 21504K, reserved 1073152K
  class space    used 2451K, committed 2560K, reserved 1048576K

Heap Regions: E=young(eden), S=young(survivor), O=old, HS=humongous(starts), HC=humongous(continues), CS=collection set, F=free, OA=open archive, CA=closed archive, TAMS=top-at-mark-start (previous, next)
|   0|0x0000000080000000, 0x0000000080100000, 0x0000000080100000|100%|HS|  |TAMS 0x0000000080000000, 0x0000000080100000| Complete 
|   1|0x0000000080100000, 0x0000000080200000, 0x0000000080200000|100%| O|  |TAMS 0x0000000080100000, 0x0000000080200000| Untracked 
|   2|0x0000000080200000, 0x0000000080300000, 0x0000000080300000|100%| O|  |TAMS 0x0000000080200000, 0x0000000080300000| Untracked 
|   3|0x0000000080300000, 0x0000000080400000, 0x0000000080400000|100%| O|  |TAMS 0x0000000080300000, 0x0000000080400000| Untracked 
|   4|0x0000000080400000, 0x0000000080500000, 0x0000000080500000|100%| O|  |TAMS 0x0000000080400000, 0x0000000080500000| Untracked 
|   5|0x0000000080500000, 0x0000000080600000, 0x0000000080600000|100%| O|  |TAMS 0x0000000080500000, 0x0000000080600000| Untracked 
|   6|0x0000000080600000, 0x0000000080700000, 0x0000000080700000|100%| O|  |TAMS 0x0000000080600000, 0x0000000080700000| Untracked 
|   7|0x0000000080700000, 0x000000008072ae00, 0x0000000080800000| 16%| O|  |TAMS 0x0000000080700000, 0x000000008072ae00| Untracked 
|   8|0x0000000080800000, 0x0000000080800000, 0x0000000080900000|  0%| F|  |TAMS 0x0000000080800000, 0x0000000080800000| Untracked 
|   9|0x0000000080900000, 0x0000000080900000, 0x0000000080a00000|  0%| F|  |TAMS 0x0000000080900000, 0x0000000080900000| Untracked 
|  10|0x0000000080a00000, 0x0000000080a00000, 0x0000000080b00000|  0%| F|  |TAMS 0x0000000080a00000, 0x0000000080a00000| Untracked 
|  11|0x0000000080b00000, 0x0000000080b00000, 0x0000000080c00000|  0%| F|  |TAMS 0x0000000080b00000, 0x0000000080b00000| Untracked 
|  12|0x0000000080c00000, 0x0000000080c00000, 0x0000000080d00000|  0%| F|  |TAMS 0x0000000080c00000, 0x0000000080c00000| Untracked 
|  13|0x0000000080d00000, 0x0000000080d00000, 0x0000000080e00000|  0%| F|  |TAMS 0x0000000080d00000, 0x0000000080d00000| Untracked 
|  14|0x0000000080e00000, 0x0000000080e00000, 0x0000000080f00000|  0%| F|  |TAMS 0x0000000080e00000, 0x0000000080e00000| Untracked 
|  15|0x0000000080f00000, 0x0000000080f00000, 0x0000000081000000|  0%| F|  |TAMS 0x0000000080f00000, 0x0000000080f00000| Untracked 
|  16|0x0000000081000000, 0x0000000081000000, 0x0000000081100000|  0%| F|  |TAMS 0x0000000081000000, 0x0000000081000000| Untracked 
|  17|0x0000000081100000, 0x0000000081100000, 0x0000000081200000|  0%| F|  |TAMS 0x0000000081100000, 0x0000000081100000| Untracked 
|  18|0x0000000081200000, 0x0000000081200000, 0x0000000081300000|  0%| F|  |TAMS 0x0000000081200000, 0x0000000081200000| Untracked 
|  19|0x0000000081300000, 0x0000000081300000, 0x0000000081400000|  0%| F|  |TAMS 0x0000000081300000, 0x0000000081300000| Untracked 
|  20|0x0000000081400000, 0x0000000081400000, 0x0000000081500000|  0%| F|  |TAMS 0x0000000081400000, 0x0000000081400000| Untracked 
|  21|0x0000000081500000, 0x0000000081500000, 0x0000000081600000|  0%| F|  |TAMS 0x0000000081500000, 0x0000000081500000| Untracked 
|  22|0x0000000081600000, 0x0000000081600000, 0x0000000081700000|  0%| F|  |TAMS 0x0000000081600000, 0x0000000081600000| Untracked 
|  23|0x0000000081700000, 0x0000000081700000, 0x0000000081800000|  0%| F|  |TAMS 0x0000000081700000, 0x0000000081700000| Untracked 
|  24|0x0000000081800000, 0x0000000081800000, 0x0000000081900000|  0%| F|  |TAMS 0x0000000081800000, 0x0000000081800000| Untracked 
|  25|0x0000000081900000, 0x0000000081900000, 0x0000000081a00000|  0%| F|  |TAMS 0x0000000081900000, 0x0000000081900000| Untracked 
|  26|0x0000000081a00000, 0x0000000081a00000, 0x0000000081b00000|  0%| F|  |TAMS 0x0000000081a00000, 0x0000000081a00000| Untracked 
|  27|0x0000000081b00000, 0x0000000081b00000, 0x0000000081c00000|  0%| F|  |TAMS 0x0000000081b00000, 0x0000000081b00000| Untracked 
|  28|0x0000000081c00000, 0x0000000081c00000, 0x0000000081d00000|  0%| F|  |TAMS 0x0000000081c00000, 0x0000000081c00000| Untracked 
|  29|0x0000000081d00000, 0x0000000081d00000, 0x0000000081e00000|  0%| F|  |TAMS 0x0000000081d00000, 0x0000000081d00000| Untracked 
|  30|0x0000000081e00000, 0x0000000081e00000, 0x0000000081f00000|  0%| F|  |TAMS 0x0000000081e00000, 0x0000000081e00000| Untracked 
|  31|0x0000000081f00000, 0x0000000081f00000, 0x0000000082000000|  0%| F|  |TAMS 0x0000000081f00000, 0x0000000081f00000| Untracked 
|  32|0x0000000082000000, 0x0000000082000000, 0x0000000082100000|  0%| F|  |TAMS 0x0000000082000000, 0x0000000082000000| Untracked 
|  33|0x0000000082100000, 0x0000000082100000, 0x0000000082200000|  0%| F|  |TAMS 0x0000000082100000, 0x0000000082100000| Untracked 
|  34|0x0000000082200000, 0x0000000082200000, 0x0000000082300000|  0%| F|  |TAMS 0x0000000082200000, 0x0000000082200000| Untracked 
|  35|0x0000000082300000, 0x0000000082300000, 0x0000000082400000|  0%| F|  |TAMS 0x0000000082300000, 0x0000000082300000| Untracked 
|  36|0x0000000082400000, 0x0000000082400000, 0x0000000082500000|  0%| F|  |TAMS 0x0000000082400000, 0x0000000082400000| Untracked 
|  37|0x0000000082500000, 0x0000000082500000, 0x0000000082600000|  0%| F|  |TAMS 0x0000000082500000, 0x0000000082500000| Untracked 
|  38|0x0000000082600000, 0x0000000082600000, 0x0000000082700000|  0%| F|  |TAMS 0x0000000082600000, 0x0000000082600000| Untracked 
|  39|0x0000000082700000, 0x0000000082700000, 0x0000000082800000|  0%| F|  |TAMS 0x0000000082700000, 0x0000000082700000| Untracked 
|  40|0x0000000082800000, 0x0000000082800000, 0x0000000082900000|  0%| F|  |TAMS 0x0000000082800000, 0x0000000082800000| Untracked 
|  41|0x0000000082900000, 0x0000000082900000, 0x0000000082a00000|  0%| F|  |TAMS 0x0000000082900000, 0x0000000082900000| Untracked 
|  42|0x0000000082a00000, 0x0000000082a00000, 0x0000000082b00000|  0%| F|  |TAMS 0x0000000082a00000, 0x0000000082a00000| Untracked 
|  43|0x0000000082b00000, 0x0000000082b00000, 0x0000000082c00000|  0%| F|  |TAMS 0x0000000082b00000, 0x0000000082b00000| Untracked 
|  44|0x0000000082c00000, 0x0000000082c00000, 0x0000000082d00000|  0%| F|  |TAMS 0x0000000082c00000, 0x0000000082c00000| Untracked 
|  45|0x0000000082d00000, 0x0000000082d00000, 0x0000000082e00000|  0%| F|  |TAMS 0x0000000082d00000, 0x0000000082d00000| Untracked 
|  46|0x0000000082e00000, 0x0000000082e00000, 0x0000000082f00000|  0%| F|  |TAMS 0x0000000082e00000, 0x0000000082e00000| Untracked 
|  47|0x0000000082f00000, 0x0000000082f00000, 0x0000000083000000|  0%| F|  |TAMS 0x0000000082f00000, 0x0000000082f00000| Untracked 
|  48|0x0000000083000000, 0x0000000083000000, 0x0000000083100000|  0%| F|  |TAMS 0x0000000083000000, 0x0000000083000000| Untracked 
|  49|0x0000000083100000, 0x0000000083100000, 0x0000000083200000|  0%| F|  |TAMS 0x0000000083100000, 0x0000000083100000| Untracked 
|  50|0x0000000083200000, 0x0000000083200000, 0x0000000083300000|  0%| F|  |TAMS 0x0000000083200000, 0x0000000083200000| Untracked 
|  51|0x0000000083300000, 0x0000000083300000, 0x0000000083400000|  0%| F|  |TAMS 0x0000000083300000, 0x0000000083300000| Untracked 
|  52|0x0000000083400000, 0x0000000083400000, 0x0000000083500000|  0%| F|  |TAMS 0x0000000083400000, 0x0000000083400000| Untracked 
|  53|0x0000000083500000, 0x0000000083500000, 0x0000000083600000|  0%| F|  |TAMS 0x0000000083500000, 0x0000000083500000| Untracked 
|  54|0x0000000083600000, 0x0000000083600000, 0x0000000083700000|  0%| F|  |TAMS 0x0000000083600000, 0x0000000083600000| Untracked 
|  55|0x0000000083700000, 0x0000000083700000, 0x0000000083800000|  0%| F|  |TAMS 0x0000000083700000, 0x0000000083700000| Untracked 
|  56|0x0000000083800000, 0x0000000083800000, 0x0000000083900000|  0%| F|  |TAMS 0x0000000083800000, 0x0000000083800000| Untracked 
|  57|0x0000000083900000, 0x0000000083900000, 0x0000000083a00000|  0%| F|  |TAMS 0x0000000083900000, 0x0000000083900000| Untracked 
|  58|0x0000000083a00000, 0x0000000083a00000, 0x0000000083b00000|  0%| F|  |TAMS 0x0000000083a00000, 0x0000000083a00000| Untracked 
|  59|0x0000000083b00000, 0x0000000083b00000, 0x0000000083c00000|  0%| F|  |TAMS 0x0000000083b00000, 0x0000000083b00000| Untracked 
|  60|0x0000000083c00000, 0x0000000083c00000, 0x0000000083d00000|  0%| F|  |TAMS 0x0000000083c00000, 0x0000000083c00000| Untracked 
|  61|0x0000000083d00000, 0x0000000083d00000, 0x0000000083e00000|  0%| F|  |TAMS 0x0000000083d00000, 0x0000000083d00000| Untracked 
|  62|0x0000000083e00000, 0x0000000083e00000, 0x0000000083f00000|  0%| F|  |TAMS 0x0000000083e00000, 0x0000000083e00000| Untracked 
|  63|0x0000000083f00000, 0x0000000083f00000, 0x0000000084000000|  0%| F|  |TAMS 0x0000000083f00000, 0x0000000083f00000| Untracked 
|  64|0x0000000084000000, 0x0000000084000000, 0x0000000084100000|  0%| F|  |TAMS 0x0000000084000000, 0x0000000084000000| Untracked 
|  65|0x0000000084100000, 0x0000000084100000, 0x0000000084200000|  0%| F|  |TAMS 0x0000000084100000, 0x0000000084100000| Untracked 
|  66|0x0000000084200000, 0x0000000084200000, 0x0000000084300000|  0%| F|  |TAMS 0x0000000084200000, 0x0000000084200000| Untracked 
|  67|0x0000000084300000, 0x0000000084300000, 0x0000000084400000|  0%| F|  |TAMS 0x0000000084300000, 0x0000000084300000| Untracked 
|  68|0x0000000084400000, 0x0000000084400000, 0x0000000084500000|  0%| F|  |TAMS 0x0000000084400000, 0x0000000084400000| Untracked 
|  69|0x0000000084500000, 0x0000000084500000, 0x0000000084600000|  0%| F|  |TAMS 0x0000000084500000, 0x0000000084500000| Untracked 
|  70|0x0000000084600000, 0x0000000084600000, 0x0000000084700000|  0%| F|  |TAMS 0x0000000084600000, 0x0000000084600000| Untracked 
|  71|0x0000000084700000, 0x0000000084700000, 0x0000000084800000|  0%| F|  |TAMS 0x0000000084700000, 0x0000000084700000| Untracked 
|  72|0x0000000084800000, 0x0000000084800000, 0x0000000084900000|  0%| F|  |TAMS 0x0000000084800000, 0x0000000084800000| Untracked 
|  73|0x0000000084900000, 0x0000000084900000, 0x0000000084a00000|  0%| F|  |TAMS 0x0000000084900000, 0x0000000084900000| Untracked 
|  74|0x0000000084a00000, 0x0000000084a00000, 0x0000000084b00000|  0%| F|  |TAMS 0x0000000084a00000, 0x0000000084a00000| Untracked 
|  75|0x0000000084b00000, 0x0000000084b00000, 0x0000000084c00000|  0%| F|  |TAMS 0x0000000084b00000, 0x0000000084b00000| Untracked 
|  76|0x0000000084c00000, 0x0000000084c00000, 0x0000000084d00000|  0%| F|  |TAMS 0x0000000084c00000, 0x0000000084c00000| Untracked 
|  77|0x0000000084d00000, 0x0000000084d00000, 0x0000000084e00000|  0%| F|  |TAMS 0x0000000084d00000, 0x0000000084d00000| Untracked 
|  78|0x0000000084e00000, 0x0000000084e00000, 0x0000000084f00000|  0%| F|  |TAMS 0x0000000084e00000, 0x0000000084e00000| Untracked 
|  79|0x0000000084f00000, 0x0000000084f00000, 0x0000000085000000|  0%| F|  |TAMS 0x0000000084f00000, 0x0000000084f00000| Untracked 
|  80|0x0000000085000000, 0x0000000085000000, 0x0000000085100000|  0%| F|  |TAMS 0x0000000085000000, 0x0000000085000000| Untracked 
|  81|0x0000000085100000, 0x0000000085100000, 0x0000000085200000|  0%| F|  |TAMS 0x0000000085100000, 0x0000000085100000| Untracked 
|  82|0x0000000085200000, 0x0000000085200000, 0x0000000085300000|  0%| F|  |TAMS 0x0000000085200000, 0x0000000085200000| Untracked 
|  83|0x0000000085300000, 0x0000000085300000, 0x0000000085400000|  0%| F|  |TAMS 0x0000000085300000, 0x0000000085300000| Untracked 
|  84|0x0000000085400000, 0x0000000085400000, 0x0000000085500000|  0%| F|  |TAMS 0x0000000085400000, 0x0000000085400000| Untracked 
|  85|0x0000000085500000, 0x0000000085500000, 0x0000000085600000|  0%| F|  |TAMS 0x0000000085500000, 0x0000000085500000| Untracked 
|  86|0x0000000085600000, 0x0000000085600000, 0x0000000085700000|  0%| F|  |TAMS 0x0000000085600000, 0x0000000085600000| Untracked 
|  87|0x0000000085700000, 0x0000000085700000, 0x0000000085800000|  0%| F|  |TAMS 0x0000000085700000, 0x0000000085700000| Untracked 
|  88|0x0000000085800000, 0x0000000085800000, 0x0000000085900000|  0%| F|  |TAMS 0x0000000085800000, 0x0000000085800000| Untracked 
|  89|0x0000000085900000, 0x0000000085900000, 0x0000000085a00000|  0%| F|  |TAMS 0x0000000085900000, 0x0000000085900000| Untracked 
|  90|0x0000000085a00000, 0x0000000085a00000, 0x0000000085b00000|  0%| F|  |TAMS 0x0000000085a00000, 0x0000000085a00000| Untracked 
|  91|0x0000000085b00000, 0x0000000085b00000, 0x0000000085c00000|  0%| F|  |TAMS 0x0000000085b00000, 0x0000000085b00000| Untracked 
|  92|0x0000000085c00000, 0x0000000085c00000, 0x0000000085d00000|  0%| F|  |TAMS 0x0000000085c00000, 0x0000000085c00000| Untracked 
|  93|0x0000000085d00000, 0x0000000085d00000, 0x0000000085e00000|  0%| F|  |TAMS 0x0000000085d00000, 0x0000000085d00000| Untracked 
|  94|0x0000000085e00000, 0x0000000085e00000, 0x0000000085f00000|  0%| F|  |TAMS 0x0000000085e00000, 0x0000000085e00000| Untracked 
|  95|0x0000000085f00000, 0x0000000085f00000, 0x0000000086000000|  0%| F|  |TAMS 0x0000000085f00000, 0x0000000085f00000| Untracked 
|  96|0x0000000086000000, 0x0000000086000000, 0x0000000086100000|  0%| F|  |TAMS 0x0000000086000000, 0x0000000086000000| Untracked 
|  97|0x0000000086100000, 0x0000000086100000, 0x0000000086200000|  0%| F|  |TAMS 0x0000000086100000, 0x0000000086100000| Untracked 
|  98|0x0000000086200000, 0x0000000086200000, 0x0000000086300000|  0%| F|  |TAMS 0x0000000086200000, 0x0000000086200000| Untracked 
|  99|0x0000000086300000, 0x0000000086300000, 0x0000000086400000|  0%| F|  |TAMS 0x0000000086300000, 0x0000000086300000| Untracked 
| 100|0x0000000086400000, 0x0000000086400000, 0x0000000086500000|  0%| F|  |TAMS 0x0000000086400000, 0x0000000086400000| Untracked 
| 101|0x0000000086500000, 0x0000000086500000, 0x0000000086600000|  0%| F|  |TAMS 0x0000000086500000, 0x0000000086500000| Untracked 
| 102|0x0000000086600000, 0x0000000086600000, 0x0000000086700000|  0%| F|  |TAMS 0x0000000086600000, 0x0000000086600000| Untracked 
| 103|0x0000000086700000, 0x0000000086700000, 0x0000000086800000|  0%| F|  |TAMS 0x0000000086700000, 0x0000000086700000| Untracked 
| 104|0x0000000086800000, 0x0000000086800000, 0x0000000086900000|  0%| F|  |TAMS 0x0000000086800000, 0x0000000086800000| Untracked 
| 105|0x0000000086900000, 0x0000000086900000, 0x0000000086a00000|  0%| F|  |TAMS 0x0000000086900000, 0x0000000086900000| Untracked 
| 106|0x0000000086a00000, 0x0000000086a00000, 0x0000000086b00000|  0%| F|  |TAMS 0x0000000086a00000, 0x0000000086a00000| Untracked 
| 107|0x0000000086b00000, 0x0000000086b00000, 0x0000000086c00000|  0%| F|  |TAMS 0x0000000086b00000, 0x0000000086b00000| Untracked 
| 108|0x0000000086c00000, 0x0000000086c00000, 0x0000000086d00000|  0%| F|  |TAMS 0x0000000086c00000, 0x0000000086c00000| Untracked 
| 109|0x0000000086d00000, 0x0000000086d00000, 0x0000000086e00000|  0%| F|  |TAMS 0x0000000086d00000, 0x0000000086d00000| Untracked 
| 110|0x0000000086e00000, 0x0000000086e00000, 0x0000000086f00000|  0%| F|  |TAMS 0x0000000086e00000, 0x0000000086e00000| Untracked 
| 111|0x0000000086f00000, 0x0000000086f00000, 0x0000000087000000|  0%| F|  |TAMS 0x0000000086f00000, 0x0000000086f00000| Untracked 
| 112|0x0000000087000000, 0x0000000087071260, 0x0000000087100000| 44%| S|CS|TAMS 0x0000000087000000, 0x0000000087000000| Complete 
| 113|0x0000000087100000, 0x0000000087100000, 0x0000000087200000|  0%| F|  |TAMS 0x0000000087100000, 0x0000000087100000| Untracked 
| 114|0x0000000087200000, 0x0000000087200000, 0x0000000087300000|  0%| F|  |TAMS 0x0000000087200000, 0x0000000087200000| Untracked 
| 115|0x0000000087300000, 0x0000000087400000, 0x0000000087400000|100%| S|CS|TAMS 0x0000000087300000, 0x0000000087300000| Complete 
| 116|0x0000000087400000, 0x0000000087400000, 0x0000000087500000|  0%| F|  |TAMS 0x0000000087400000, 0x0000000087400000| Untracked 
| 117|0x0000000087500000, 0x0000000087500000, 0x0000000087600000|  0%| F|  |TAMS 0x0000000087500000, 0x0000000087500000| Untracked 
| 118|0x0000000087600000, 0x0000000087600000, 0x0000000087700000|  0%| F|  |TAMS 0x0000000087600000, 0x0000000087600000| Untracked 
| 119|0x0000000087700000, 0x0000000087700000, 0x0000000087800000|  0%| F|  |TAMS 0x0000000087700000, 0x0000000087700000| Untracked 
| 120|0x0000000087800000, 0x0000000087800000, 0x0000000087900000|  0%| F|  |TAMS 0x0000000087800000, 0x0000000087800000| Untracked 
| 121|0x0000000087900000, 0x0000000087900000, 0x0000000087a00000|  0%| F|  |TAMS 0x0000000087900000, 0x0000000087900000| Untracked 
| 122|0x0000000087a00000, 0x0000000087a00000, 0x0000000087b00000|  0%| F|  |TAMS 0x0000000087a00000, 0x0000000087a00000| Untracked 
| 123|0x0000000087b00000, 0x0000000087b00000, 0x0000000087c00000|  0%| F|  |TAMS 0x0000000087b00000, 0x0000000087b00000| Untracked 
| 124|0x0000000087c00000, 0x0000000087c00000, 0x0000000087d00000|  0%| F|  |TAMS 0x0000000087c00000, 0x0000000087c00000| Untracked 
| 125|0x0000000087d00000, 0x0000000087d00000, 0x0000000087e00000|  0%| F|  |TAMS 0x0000000087d00000, 0x0000000087d00000| Untracked 
| 126|0x0000000087e00000, 0x0000000087e00000, 0x0000000087f00000|  0%| F|  |TAMS 0x0000000087e00000, 0x0000000087e00000| Untracked 
| 127|0x0000000087f00000, 0x0000000087f00000, 0x0000000088000000|  0%| F|  |TAMS 0x0000000087f00000, 0x0000000087f00000| Untracked 

Card table byte_map: [0x000001c57fbe0000,0x000001c57ffe0000] _byte_map_base: 0x000001c57f7e0000

Marking Bits (Prev, Next): (CMBitMap*) 0x000001c57c577740, (CMBitMap*) 0x000001c57c577780
 Prev Bits: [0x000001c503400000, 0x000001c505400000)
 Next Bits: [0x000001c505400000, 0x000001c507400000)

Polling page: 0x000001c57a6b0000

Metaspace:

Usage:
  Non-class:     18.40 MB used.
      Class:      2.39 MB used.
       Both:     20.79 MB used.

Virtual space:
  Non-class space:       24.00 MB reserved,      18.50 MB ( 77%) committed,  3 nodes.
      Class space:        1.00 GB reserved,       2.50 MB ( <1%) committed,  1 nodes.
             Both:        1.02 GB reserved,      21.00 MB (  2%) committed. 

Chunk freelists:
   Non-Class:  1.25 MB
       Class:  1.47 MB
        Both:  2.72 MB

MaxMetaspaceSize: unlimited
CompressedClassSpaceSize: 1.00 GB
Initial GC threshold: 21.00 MB
Current GC threshold: 21.00 MB
CDS: off
MetaspaceReclaimPolicy: balanced
 - commit_granule_bytes: 65536.
 - commit_granule_words: 8192.
 - virtual_space_node_default_size: 1048576.
 - enlarge_chunks_in_place: 1.
 - new_chunks_are_fully_committed: 0.
 - uncommit_free_chunks: 1.
 - use_allocation_guard: 0.
 - handle_deallocations: 1.


Internal statistics:

num_allocs_failed_limit: 3.
num_arena_births: 256.
num_arena_deaths: 0.
num_vsnodes_births: 4.
num_vsnodes_deaths: 0.
num_space_committed: 336.
num_space_uncommitted: 0.
num_chunks_returned_to_freelist: 3.
num_chunks_taken_from_freelist: 619.
num_chunk_merges: 3.
num_chunk_splits: 388.
num_chunks_enlarged: 259.
num_purges: 0.
num_inconsistent_stats: 0.

CodeCache: size=49152Kb used=4544Kb max_used=4544Kb free=44607Kb
 bounds [0x000001c500000000, 0x000001c500480000, 0x000001c503000000]
 total_blobs=2381 nmethods=1915 adapters=392
 compilation: enabled
              stopped_count=0, restarted_count=0
 full_count=0

Compilation events (20 events):
Event: 1.706 Thread 0x000001c50a10ad30 1906       1       java.util.zip.ZipUtils::get16 (21 bytes)
Event: 1.706 Thread 0x000001c50a10ad30 nmethod 1906 0x000001c50046c610 code [0x000001c50046c7a0, 0x000001c50046c898]
Event: 1.706 Thread 0x000001c50a295030 1907       1       sun.reflect.generics.parser.SignatureParser::parseFieldTypeSignature (6 bytes)
Event: 1.706 Thread 0x000001c50a10ad30 1908       1       sun.reflect.generics.parser.SignatureParser::parseFieldTypeSignature (73 bytes)
Event: 1.706 Thread 0x000001c50a295030 nmethod 1907 0x000001c50046c990 code [0x000001c50046cb20, 0x000001c50046cc08]
Event: 1.706 Thread 0x000001c50a10ad30 nmethod 1908 0x000001c50046cc90 code [0x000001c50046cea0, 0x000001c50046d208]
Event: 1.707 Thread 0x000001c50a10ad30 1909       1       jdk.internal.org.objectweb.asm.Frame::merge (395 bytes)
Event: 1.708 Thread 0x000001c50a10ad30 nmethod 1909 0x000001c50046d410 code [0x000001c50046d660, 0x000001c50046df78]
Event: 1.713 Thread 0x000001c50a295030 1910       1       java.util.concurrent.atomic.AtomicInteger::<init> (5 bytes)
Event: 1.713 Thread 0x000001c50a10ad30 1911       1       org.springframework.util.ConcurrentReferenceHashMap$Segment::createReferenceArray (5 bytes)
Event: 1.713 Thread 0x000001c50a295030 nmethod 1910 0x000001c50046e590 code [0x000001c50046e720, 0x000001c50046e7d8]
Event: 1.713 Thread 0x000001c50a10ad30 nmethod 1911 0x000001c50046e890 code [0x000001c50046ea20, 0x000001c50046eb78]
Event: 1.713 Thread 0x000001c50a295030 1912       1       org.springframework.util.ConcurrentReferenceHashMap$Segment::<init> (48 bytes)
Event: 1.713 Thread 0x000001c50a10ad30 1913       1       org.springframework.util.ConcurrentReferenceHashMap::createReferenceManager (9 bytes)
Event: 1.713 Thread 0x000001c50a10ad30 nmethod 1913 0x000001c50046ec10 code [0x000001c50046edc0, 0x000001c50046f0b8]
Event: 1.713 Thread 0x000001c50a10ad30 1914       1       org.springframework.util.ConcurrentReferenceHashMap$ReferenceManager::<init> (21 bytes)
Event: 1.713 Thread 0x000001c50a295030 nmethod 1912 0x000001c50046f190 code [0x000001c50046f360, 0x000001c50046f978]
Event: 1.713 Thread 0x000001c50a10ad30 nmethod 1914 0x000001c50046fb10 code [0x000001c50046fca0, 0x000001c50046ff38]
Event: 1.714 Thread 0x000001c50a10ad30 1915       1       java.lang.reflect.Constructor::getRoot (5 bytes)
Event: 1.714 Thread 0x000001c50a10ad30 nmethod 1915 0x000001c500470010 code [0x000001c5004701a0, 0x000001c500470278]

GC Heap History (9 events):
Event: 0.416 GC heap before
{Heap before GC invocations=0 (full 0):
 garbage-first heap   total 131072K, used 6144K [0x0000000080000000, 0x0000000100000000)
  region size 1024K, 6 young (6144K), 0 survivors (0K)
 Metaspace       used 8041K, committed 8192K, reserved 1056768K
  class space    used 740K, committed 832K, reserved 1048576K
}
Event: 0.421 GC heap after
{Heap after GC invocations=1 (full 0):
 garbage-first heap   total 131072K, used 4836K [0x0000000080000000, 0x0000000100000000)
  region size 1024K, 1 young (1024K), 1 survivors (1024K)
 Metaspace       used 8041K, committed 8192K, reserved 1056768K
  class space    used 740K, committed 832K, reserved 1048576K
}
Event: 0.862 GC heap before
{Heap before GC invocations=1 (full 0):
 garbage-first heap   total 131072K, used 9956K [0x0000000080000000, 0x0000000100000000)
  region size 1024K, 6 young (6144K), 1 survivors (1024K)
 Metaspace       used 12807K, committed 12992K, reserved 1064960K
  class space    used 1300K, committed 1408K, reserved 1048576K
}
Event: 0.866 GC heap after
{Heap after GC invocations=2 (full 0):
 garbage-first heap   total 131072K, used 5802K [0x0000000080000000, 0x0000000100000000)
  region size 1024K, 1 young (1024K), 1 survivors (1024K)
 Metaspace       used 12807K, committed 12992K, reserved 1064960K
  class space    used 1300K, committed 1408K, reserved 1048576K
}
Event: 1.155 GC heap before
{Heap before GC invocations=2 (full 0):
 garbage-first heap   total 131072K, used 13994K [0x0000000080000000, 0x0000000100000000)
  region size 1024K, 9 young (9216K), 1 survivors (1024K)
 Metaspace       used 15573K, committed 15808K, reserved 1064960K
  class space    used 1661K, committed 1792K, reserved 1048576K
}
Event: 1.163 GC heap after
{Heap after GC invocations=3 (full 0):
 garbage-first heap   total 131072K, used 7330K [0x0000000080000000, 0x0000000100000000)
  region size 1024K, 2 young (2048K), 2 survivors (2048K)
 Metaspace       used 15573K, committed 15808K, reserved 1064960K
  class space    used 1661K, committed 1792K, reserved 1048576K
}
Event: 1.489 GC heap before
{Heap before GC invocations=3 (full 0):
 garbage-first heap   total 131072K, used 18594K [0x0000000080000000, 0x0000000100000000)
  region size 1024K, 13 young (13312K), 2 survivors (2048K)
 Metaspace       used 18464K, committed 18752K, reserved 1073152K
  class space    used 2081K, committed 2240K, reserved 1048576K
}
Event: 1.498 GC heap after
{Heap after GC invocations=4 (full 0):
 garbage-first heap   total 131072K, used 8536K [0x0000000080000000, 0x0000000100000000)
  region size 1024K, 2 young (2048K), 2 survivors (2048K)
 Metaspace       used 18464K, committed 18752K, reserved 1073152K
  class space    used 2081K, committed 2240K, reserved 1048576K
}
Event: 1.721 GC heap before
{Heap before GC invocations=4 (full 0):
 garbage-first heap   total 131072K, used 18776K [0x0000000080000000, 0x0000000100000000)
  region size 1024K, 14 young (14336K), 2 survivors (2048K)
 Metaspace       used 21291K, committed 21504K, reserved 1073152K
  class space    used 2451K, committed 2560K, reserved 1048576K
}

Deoptimization events (0 events):
No events

Classes unloaded (0 events):
No events

Classes redefined (0 events):
No events

Internal exceptions (20 events):
Event: 1.383 Thread 0x000001c57c519050 Exception <a 'java/lang/NoSuchMethodError'{0x0000000087845090}: 'java.lang.Object java.lang.invoke.DirectMethodHandle$Holder.invokeSpecial(java.lang.Object, java.lang.Object, java.lang.Object, java.lang.Object, java.lang.Object, java.lang.Object, int)'> (0x0000000087845090) 
thrown [s\src\hotspot\share\interpreter\linkResolver.cpp, line 759]
Event: 1.384 Thread 0x000001c57c519050 Exception <a 'java/lang/NoSuchMethodError'{0x0000000087852640}: 'java.lang.Object java.lang.invoke.DirectMethodHandle$Holder.newInvokeSpecial(java.lang.Object, java.lang.Object, java.lang.Object, java.lang.Object, java.lang.Object, java.lang.Object, int)'> (0x0000000087852640) 
thrown [s\src\hotspot\share\interpreter\linkResolver.cpp, line 759]
Event: 1.384 Thread 0x000001c57c519050 Exception <a 'java/lang/NoSuchMethodError'{0x0000000087857680}: 'java.lang.Object java.lang.invoke.DirectMethodHandle$Holder.invokeSpecial(java.lang.Object, java.lang.Object, java.lang.Object, java.lang.Object, java.lang.Object, java.lang.Object, java.lang.Object, int)'> (0x0000000087857680) 
thrown [s\src\hotspot\share\interpreter\linkResolver.cpp, line 759]
Event: 1.428 Thread 0x000001c57c519050 Exception <a 'java/lang/NoSuchMethodError'{0x00000000877ed028}: 'int java.lang.invoke.DirectMethodHandle$Holder.invokeVirtual(java.lang.Object, java.lang.Object)'> (0x00000000877ed028) 
thrown [s\src\hotspot\share\interpreter\linkResolver.cpp, line 759]
Event: 1.442 Thread 0x000001c57c519050 Exception <a 'java/lang/NoSuchMethodError'{0x000000008746f610}: 'java.lang.Object java.lang.invoke.DirectMethodHandle$Holder.invokeSpecial(java.lang.Object, java.lang.Object, java.lang.Object, int, java.lang.Object)'> (0x000000008746f610) 
thrown [s\src\hotspot\share\interpreter\linkResolver.cpp, line 759]
Event: 1.442 Thread 0x000001c57c519050 Exception <a 'java/lang/NoSuchMethodError'{0x0000000087477b80}: 'java.lang.Object java.lang.invoke.DirectMethodHandle$Holder.newInvokeSpecial(java.lang.Object, java.lang.Object, java.lang.Object, int, java.lang.Object)'> (0x0000000087477b80) 
thrown [s\src\hotspot\share\interpreter\linkResolver.cpp, line 759]
Event: 1.444 Thread 0x000001c57c519050 Exception <a 'java/lang/NoSuchMethodError'{0x000000008748e0b0}: 'java.lang.Object java.lang.invoke.DirectMethodHandle$Holder.newInvokeSpecial(java.lang.Object, int, java.lang.Object)'> (0x000000008748e0b0) 
thrown [s\src\hotspot\share\interpreter\linkResolver.cpp, line 759]
Event: 1.444 Thread 0x000001c57c519050 Exception <a 'java/lang/NoSuchMethodError'{0x0000000087492080}: 'int java.lang.invoke.DirectMethodHandle$Holder.invokeSpecialIFC(java.lang.Object, java.lang.Object, java.lang.Object, java.lang.Object)'> (0x0000000087492080) 
thrown [s\src\hotspot\share\interpreter\linkResolver.cpp, line 759]
Event: 1.468 Thread 0x000001c57c519050 Exception <a 'java/lang/NoSuchMethodError'{0x000000008734f130}: 'java.lang.Object java.lang.invoke.DirectMethodHandle$Holder.invokeInterface(java.lang.Object, java.lang.Object)'> (0x000000008734f130) 
thrown [s\src\hotspot\share\interpreter\linkResolver.cpp, line 759]
Event: 1.471 Thread 0x000001c57c519050 Exception <a 'java/lang/NoSuchMethodError'{0x0000000087360298}: 'void java.lang.invoke.DirectMethodHandle$Holder.invokeInterface(java.lang.Object, java.lang.Object, java.lang.Object)'> (0x0000000087360298) 
thrown [s\src\hotspot\share\interpreter\linkResolver.cpp, line 759]
Event: 1.485 Thread 0x000001c57c519050 Exception <a 'java/lang/NoSuchMethodError'{0x00000000873d4660}: 'java.lang.Object java.lang.invoke.DirectMethodHandle$Holder.invokeVirtual(java.lang.Object, java.lang.Object, java.lang.Object)'> (0x00000000873d4660) 
thrown [s\src\hotspot\share\interpreter\linkResolver.cpp, line 759]
Event: 1.510 Thread 0x000001c57c519050 Exception <a 'java/lang/NoSuchMethodError'{0x0000000087f70738}: 'void java.lang.invoke.DirectMethodHandle$Holder.invokeStatic(java.lang.Object, java.lang.Object, int)'> (0x0000000087f70738) 
thrown [s\src\hotspot\share\interpreter\linkResolver.cpp, line 759]
Event: 1.527 Thread 0x000001c57c519050 Exception <a 'java/lang/NoSuchMethodError'{0x0000000087f784a8}: 'void java.lang.invoke.DirectMethodHandle$Holder.invokeStaticInit(java.lang.Object, java.lang.Object)'> (0x0000000087f784a8) 
thrown [s\src\hotspot\share\interpreter\linkResolver.cpp, line 759]
Event: 1.529 Thread 0x000001c57c519050 Exception <a 'java/lang/NoSuchMethodError'{0x0000000087fefa88}: 'void java.lang.invoke.DirectMethodHandle$Holder.invokeStaticInit(java.lang.Object, java.lang.Object, java.lang.Object)'> (0x0000000087fefa88) 
thrown [s\src\hotspot\share\interpreter\linkResolver.cpp, line 759]
Event: 1.545 Thread 0x000001c57c519050 Exception <a 'java/lang/NoSuchMethodError'{0x0000000087e485d8}: 'void java.lang.invoke.DirectMethodHandle$Holder.invokeVirtual(java.lang.Object, java.lang.Object, java.lang.Object, java.lang.Object)'> (0x0000000087e485d8) 
thrown [s\src\hotspot\share\interpreter\linkResolver.cpp, line 759]
Event: 1.581 Thread 0x000001c57c519050 Exception <a 'java/lang/NoSuchMethodError'{0x0000000087d98fb0}: 'void java.lang.invoke.DirectMethodHandle$Holder.invokeSpecial(java.lang.Object, java.lang.Object, java.lang.Object)'> (0x0000000087d98fb0) 
thrown [s\src\hotspot\share\interpreter\linkResolver.cpp, line 759]
Event: 1.581 Thread 0x000001c57c519050 Exception <a 'java/lang/NoSuchMethodError'{0x0000000087d9f588}: 'void java.lang.invoke.DirectMethodHandle$Holder.invokeSpecial(java.lang.Object, java.lang.Object, java.lang.Object, java.lang.Object, java.lang.Object)'> (0x0000000087d9f588) 
thrown [s\src\hotspot\share\interpreter\linkResolver.cpp, line 759]
Event: 1.591 Thread 0x000001c50bbdafc0 Exception <a 'java/lang/NoClassDefFoundError'{0x0000000087c17498}: javax/validation/Validation> (0x0000000087c17498) 
thrown [s\src\hotspot\share\classfile\systemDictionary.cpp, line 245]
Event: 1.630 Thread 0x000001c50bbdafc0 Exception <a 'java/lang/NoSuchMethodError'{0x0000000087a28108}: 'java.lang.Object java.lang.invoke.DirectMethodHandle$Holder.invokeStaticInit(java.lang.Object, java.lang.Object, java.lang.Object)'> (0x0000000087a28108) 
thrown [s\src\hotspot\share\interpreter\linkResolver.cpp, line 759]
Event: 1.630 Thread 0x000001c50bbdafc0 Exception <a 'java/lang/NoSuchMethodError'{0x0000000087a2dff8}: 'java.lang.Object java.lang.invoke.DirectMethodHandle$Holder.invokeStaticInit(java.lang.Object, java.lang.Object, java.lang.Object, java.lang.Object, java.lang.Object)'> (0x0000000087a2dff8) 
thrown [s\src\hotspot\share\interpreter\linkResolver.cpp, line 759]

VM Operations (20 events):
Event: 0.566 Executing VM operation: HandshakeAllThreads done
Event: 0.629 Executing VM operation: HandshakeAllThreads
Event: 0.629 Executing VM operation: HandshakeAllThreads done
Event: 0.861 Executing VM operation: G1CollectForAllocation
Event: 0.866 Executing VM operation: G1CollectForAllocation done
Event: 0.978 Executing VM operation: HandshakeAllThreads
Event: 0.979 Executing VM operation: HandshakeAllThreads done
Event: 1.123 Executing VM operation: HandshakeAllThreads
Event: 1.124 Executing VM operation: HandshakeAllThreads done
Event: 1.155 Executing VM operation: G1CollectForAllocation
Event: 1.163 Executing VM operation: G1CollectForAllocation done
Event: 1.204 Executing VM operation: HandshakeAllThreads
Event: 1.204 Executing VM operation: HandshakeAllThreads done
Event: 1.425 Executing VM operation: HandshakeAllThreads
Event: 1.425 Executing VM operation: HandshakeAllThreads done
Event: 1.489 Executing VM operation: G1CollectForAllocation
Event: 1.498 Executing VM operation: G1CollectForAllocation done
Event: 1.604 Executing VM operation: HandshakeAllThreads
Event: 1.604 Executing VM operation: HandshakeAllThreads done
Event: 1.720 Executing VM operation: CollectForMetadataAllocation

Events (20 events):
Event: 1.645 loading class com/sun/org/apache/xalan/internal/utils/FeaturePropertyBase done
Event: 1.645 loading class com/sun/org/apache/xalan/internal/utils/XMLSecurityPropertyManager done
Event: 1.645 loading class com/sun/org/apache/xalan/internal/utils/FeaturePropertyBase$State
Event: 1.645 loading class com/sun/org/apache/xalan/internal/utils/FeaturePropertyBase$State done
Event: 1.645 loading class com/sun/org/apache/xalan/internal/utils/XMLSecurityPropertyManager$Property
Event: 1.645 loading class com/sun/org/apache/xalan/internal/utils/XMLSecurityPropertyManager$Property done
Event: 1.645 loading class jdk/xml/internal/XMLSecurityManager
Event: 1.645 loading class jdk/xml/internal/XMLSecurityManager done
Event: 1.645 loading class jdk/xml/internal/XMLSecurityManager$Limit
Event: 1.645 loading class jdk/xml/internal/XMLSecurityManager$Limit done
Event: 1.646 loading class jdk/xml/internal/XMLSecurityManager$Processor
Event: 1.646 loading class jdk/xml/internal/XMLSecurityManager$Processor done
Event: 1.646 loading class jdk/xml/internal/XMLSecurityManager$NameMap
Event: 1.646 loading class jdk/xml/internal/XMLSecurityManager$NameMap done
Event: 1.646 loading class jdk/xml/internal/JdkProperty
Event: 1.646 loading class jdk/xml/internal/JdkProperty done
Event: 1.656 loading class java/io/NotSerializableException
Event: 1.656 loading class java/io/ObjectStreamException
Event: 1.656 loading class java/io/ObjectStreamException done
Event: 1.656 loading class java/io/NotSerializableException done


Dynamic libraries:
0x00007ff6a8af0000 - 0x00007ff6a8afe000 	C:\Users\sfjbs\Downloads\node-20220822T134758Z-001\node\sts-4.15.3.RELEASE\plugins\org.eclipse.justj.openjdk.hotspot.jre.full.win32.x86_64_17.0.4.v20220805-1047\jre\bin\javaw.exe
0x00007ff81fad0000 - 0x00007ff81fcc8000 	C:\Windows\SYSTEM32\ntdll.dll
0x00007ff81ec10000 - 0x00007ff81eccd000 	C:\Windows\System32\KERNEL32.DLL
0x00007ff81d750000 - 0x00007ff81da1e000 	C:\Windows\System32\KERNELBASE.dll
0x00007ff81d5d0000 - 0x00007ff81d6d0000 	C:\Windows\System32\ucrtbase.dll
0x00007ff80a0c0000 - 0x00007ff80a0d8000 	C:\Users\sfjbs\Downloads\node-20220822T134758Z-001\node\sts-4.15.3.RELEASE\plugins\org.eclipse.justj.openjdk.hotspot.jre.full.win32.x86_64_17.0.4.v20220805-1047\jre\bin\jli.dll
0x00007ff81ea70000 - 0x00007ff81ec10000 	C:\Windows\System32\USER32.dll
0x00007ff81d4f0000 - 0x00007ff81d512000 	C:\Windows\System32\win32u.dll
0x00007ff81e090000 - 0x00007ff81e0ba000 	C:\Windows\System32\GDI32.dll
0x00007ff81d1f0000 - 0x00007ff81d2fb000 	C:\Windows\System32\gdi32full.dll
0x00007ff81da90000 - 0x00007ff81db2d000 	C:\Windows\System32\msvcp_win.dll
0x00007fffff2b0000 - 0x00007fffff2c9000 	C:\Users\sfjbs\Downloads\node-20220822T134758Z-001\node\sts-4.15.3.RELEASE\plugins\org.eclipse.justj.openjdk.hotspot.jre.full.win32.x86_64_17.0.4.v20220805-1047\jre\bin\VCRUNTIME140.dll
0x00007ff80c5c0000 - 0x00007ff80c85a000 	C:\Windows\WinSxS\amd64_microsoft.windows.common-controls_6595b64144ccf1df_6.0.19041.1110_none_60b5254171f9507e\COMCTL32.dll
0x00007ff81e0f0000 - 0x00007ff81e18e000 	C:\Windows\System32\msvcrt.dll
0x00007ff81e0c0000 - 0x00007ff81e0f0000 	C:\Windows\System32\IMM32.DLL
0x00007ff80a0b0000 - 0x00007ff80a0bc000 	C:\Users\sfjbs\Downloads\node-20220822T134758Z-001\node\sts-4.15.3.RELEASE\plugins\org.eclipse.justj.openjdk.hotspot.jre.full.win32.x86_64_17.0.4.v20220805-1047\jre\bin\vcruntime140_1.dll
0x00007fffebb40000 - 0x00007fffebbd1000 	C:\Users\sfjbs\Downloads\node-20220822T134758Z-001\node\sts-4.15.3.RELEASE\plugins\org.eclipse.justj.openjdk.hotspot.jre.full.win32.x86_64_17.0.4.v20220805-1047\jre\bin\msvcp140.dll
0x00007fffe3f00000 - 0x00007fffe4b46000 	C:\Users\sfjbs\Downloads\node-20220822T134758Z-001\node\sts-4.15.3.RELEASE\plugins\org.eclipse.justj.openjdk.hotspot.jre.full.win32.x86_64_17.0.4.v20220805-1047\jre\bin\server\jvm.dll
0x00007ff81e4a0000 - 0x00007ff81e54e000 	C:\Windows\System32\ADVAPI32.dll
0x00007ff81eff0000 - 0x00007ff81f08c000 	C:\Windows\System32\sechost.dll
0x00007ff81f960000 - 0x00007ff81fa85000 	C:\Windows\System32\RPCRT4.dll
0x00007ff81e020000 - 0x00007ff81e028000 	C:\Windows\System32\PSAPI.DLL
0x00007ff80d3f0000 - 0x00007ff80d3f9000 	C:\Windows\SYSTEM32\WSOCK32.dll
0x00007ff81e430000 - 0x00007ff81e49b000 	C:\Windows\System32\WS2_32.dll
0x00007ff80c9a0000 - 0x00007ff80c9c7000 	C:\Windows\SYSTEM32\WINMM.dll
0x00007ff8151c0000 - 0x00007ff8151ca000 	C:\Windows\SYSTEM32\VERSION.dll
0x00007ff81b0d0000 - 0x00007ff81b0e2000 	C:\Windows\SYSTEM32\kernel.appcore.dll
0x00007ff813600000 - 0x00007ff81360a000 	C:\Users\sfjbs\Downloads\node-20220822T134758Z-001\node\sts-4.15.3.RELEASE\plugins\org.eclipse.justj.openjdk.hotspot.jre.full.win32.x86_64_17.0.4.v20220805-1047\jre\bin\jimage.dll
0x00007ff815d00000 - 0x00007ff815ee4000 	C:\Windows\SYSTEM32\DBGHELP.DLL
0x00007ff815cd0000 - 0x00007ff815cfc000 	C:\Windows\SYSTEM32\dbgcore.DLL
0x00007ff81d460000 - 0x00007ff81d4e2000 	C:\Windows\System32\bcryptPrimitives.dll
0x00007ff812730000 - 0x00007ff812755000 	C:\Users\sfjbs\Downloads\node-20220822T134758Z-001\node\sts-4.15.3.RELEASE\plugins\org.eclipse.justj.openjdk.hotspot.jre.full.win32.x86_64_17.0.4.v20220805-1047\jre\bin\java.dll
0x00007ff80ec40000 - 0x00007ff80ec58000 	C:\Users\sfjbs\Downloads\node-20220822T134758Z-001\node\sts-4.15.3.RELEASE\plugins\org.eclipse.justj.openjdk.hotspot.jre.full.win32.x86_64_17.0.4.v20220805-1047\jre\bin\zip.dll
0x00007ff81f090000 - 0x00007ff81f7d4000 	C:\Windows\System32\SHELL32.dll
0x00007ff81b2d0000 - 0x00007ff81ba64000 	C:\Windows\SYSTEM32\windows.storage.dll
0x00007ff81e550000 - 0x00007ff81e8a4000 	C:\Windows\System32\combase.dll
0x00007ff81caa0000 - 0x00007ff81cad0000 	C:\Windows\SYSTEM32\Wldp.dll
0x00007ff81ed30000 - 0x00007ff81eddd000 	C:\Windows\System32\SHCORE.dll
0x00007ff81e030000 - 0x00007ff81e085000 	C:\Windows\System32\shlwapi.dll
0x00007ff81d130000 - 0x00007ff81d14f000 	C:\Windows\SYSTEM32\profapi.dll
0x00007ff80b7b0000 - 0x00007ff80b7c9000 	C:\Users\sfjbs\Downloads\node-20220822T134758Z-001\node\sts-4.15.3.RELEASE\plugins\org.eclipse.justj.openjdk.hotspot.jre.full.win32.x86_64_17.0.4.v20220805-1047\jre\bin\net.dll
0x00007ff815b50000 - 0x00007ff815c5a000 	C:\Windows\SYSTEM32\WINHTTP.dll
0x00007ff81c880000 - 0x00007ff81c8ea000 	C:\Windows\system32\mswsock.dll
0x00007ff80a080000 - 0x00007ff80a095000 	C:\Users\sfjbs\Downloads\node-20220822T134758Z-001\node\sts-4.15.3.RELEASE\plugins\org.eclipse.justj.openjdk.hotspot.jre.full.win32.x86_64_17.0.4.v20220805-1047\jre\bin\nio.dll
0x00007ff812500000 - 0x00007ff812509000 	C:\Users\sfjbs\Downloads\node-20220822T134758Z-001\node\sts-4.15.3.RELEASE\plugins\org.eclipse.justj.openjdk.hotspot.jre.full.win32.x86_64_17.0.4.v20220805-1047\jre\bin\management.dll
0x00007ff809fe0000 - 0x00007ff809feb000 	C:\Users\sfjbs\Downloads\node-20220822T134758Z-001\node\sts-4.15.3.RELEASE\plugins\org.eclipse.justj.openjdk.hotspot.jre.full.win32.x86_64_17.0.4.v20220805-1047\jre\bin\management_ext.dll
0x00007ff806750000 - 0x00007ff806767000 	C:\Windows\system32\napinsp.dll
0x00007ff805d70000 - 0x00007ff805d8b000 	C:\Windows\system32\pnrpnsp.dll
0x00007ff805d50000 - 0x00007ff805d65000 	C:\Windows\system32\wshbth.dll
0x00007ff816530000 - 0x00007ff81654d000 	C:\Windows\system32\NLAapi.dll
0x00007ff81c590000 - 0x00007ff81c5cb000 	C:\Windows\SYSTEM32\IPHLPAPI.DLL
0x00007ff81c5e0000 - 0x00007ff81c6aa000 	C:\Windows\SYSTEM32\DNSAPI.dll
0x00007ff81efe0000 - 0x00007ff81efe8000 	C:\Windows\System32\NSI.dll
0x00007ff805d30000 - 0x00007ff805d42000 	C:\Windows\System32\winrnr.dll
0x00007ff813bf0000 - 0x00007ff813bfa000 	C:\Windows\System32\rasadhlp.dll
0x00007ff814430000 - 0x00007ff8144b0000 	C:\Windows\System32\fwpuclnt.dll
0x00007ff81d6d0000 - 0x00007ff81d6f7000 	C:\Windows\System32\bcrypt.dll
0x00007ff81cae0000 - 0x00007ff81caf8000 	C:\Windows\SYSTEM32\CRYPTSP.dll
0x00007ff81c220000 - 0x00007ff81c254000 	C:\Windows\system32\rsaenh.dll
0x00007ff81d0b0000 - 0x00007ff81d0de000 	C:\Windows\SYSTEM32\USERENV.dll
0x00007ff81ca10000 - 0x00007ff81ca1c000 	C:\Windows\SYSTEM32\CRYPTBASE.dll
0x00007ff815b00000 - 0x00007ff815b17000 	C:\Windows\SYSTEM32\dhcpcsvc6.DLL
0x00007ff815ae0000 - 0x00007ff815afd000 	C:\Windows\SYSTEM32\dhcpcsvc.DLL
0x00007ff8135c0000 - 0x00007ff8135d0000 	C:\Users\sfjbs\Downloads\node-20220822T134758Z-001\node\sts-4.15.3.RELEASE\plugins\org.eclipse.justj.openjdk.hotspot.jre.full.win32.x86_64_17.0.4.v20220805-1047\jre\bin\verify.dll

dbghelp: loaded successfully - version: 4.0.5 - missing functions: none
symbol engine: initialized successfully - sym options: 0x614 - pdb path: .;C:\Users\sfjbs\Downloads\node-20220822T134758Z-001\node\sts-4.15.3.RELEASE\plugins\org.eclipse.justj.openjdk.hotspot.jre.full.win32.x86_64_17.0.4.v20220805-1047\jre\bin;C:\Windows\SYSTEM32;C:\Windows\WinSxS\amd64_microsoft.windows.common-controls_6595b64144ccf1df_6.0.19041.1110_none_60b5254171f9507e;C:\Users\sfjbs\Downloads\node-20220822T134758Z-001\node\sts-4.15.3.RELEASE\plugins\org.eclipse.justj.openjdk.hotspot.jre.full.win32.x86_64_17.0.4.v20220805-1047\jre\bin\server

VM Arguments:
jvm_args: -Dcom.sun.management.jmxremote -Dcom.sun.management.jmxremote.port=63177 -Dcom.sun.management.jmxremote.authenticate=false -Dcom.sun.management.jmxremote.ssl=false -Djava.rmi.server.hostname=localhost -Dspring.jmx.enabled=true -Dspring.application.admin.enabled=true -XX:TieredStopAtLevel=1 -Dspring.boot.project.name=ProductsManagementSystem -Dfile.encoding=UTF-8 -XX:+ShowCodeDetailsInExceptionMessages 
java_command: com.product.ProductsManagementSystemApplication --spring.output.ansi.enabled=always
java_class_path (initial): C:\Users\sfjbs\Documents\java batch\main-training\ProductsManagementSystem\target\classes;C:\Users\sfjbs\.m2\repository\org\springframework\boot\spring-boot-starter-data-jdbc\2.7.3\spring-boot-starter-data-jdbc-2.7.3.jar;C:\Users\sfjbs\.m2\repository\org\springframework\boot\spring-boot-starter-jdbc\2.7.3\spring-boot-starter-jdbc-2.7.3.jar;C:\Users\sfjbs\.m2\repository\com\zaxxer\HikariCP\4.0.3\HikariCP-4.0.3.jar;C:\Users\sfjbs\.m2\repository\org\springframework\spring-jdbc\5.3.22\spring-jdbc-5.3.22.jar;C:\Users\sfjbs\.m2\repository\org\springframework\data\spring-data-jdbc\2.4.2\spring-data-jdbc-2.4.2.jar;C:\Users\sfjbs\.m2\repository\org\springframework\data\spring-data-relational\2.4.2\spring-data-relational-2.4.2.jar;C:\Users\sfjbs\.m2\repository\org\springframework\data\spring-data-commons\2.7.2\spring-data-commons-2.7.2.jar;C:\Users\sfjbs\.m2\repository\org\springframework\spring-tx\5.3.22\spring-tx-5.3.22.jar;C:\Users\sfjbs\.m2\repository\org\springframework\spring-context\5.3.22\spring-context-5.3.22.jar;C:\Users\sfjbs\.m2\repository\org\springframework\spring-beans\5.3.22\spring-beans-5.3.22.jar;C:\Users\sfjbs\.m2\repository\org\slf4j\slf4j-api\1.7.36\slf4j-api-1.7.36.jar;C:\Users\sfjbs\.m2\repository\org\springframework\boot\spring-boot-starter-data-jpa\2.7.3\spring-boot-starter-data-jpa-2.7.3.jar;C:\Users\sfjbs\.m2\repository\org\springframework\boot\spring-boot-starter-aop\2.7.3\spring-boot-starter-aop-2.7.3.jar;C:\Users\sfjbs\.m2\repository\org\springframework\spring-aop\5.3.22\spring-aop-5.3.22.jar;C:\Users\sfjbs\.m2\repository\org\aspectj\aspectjweaver\1.9.7\aspectjweaver-1.9.7.jar;C:\Users\sfjbs\.m2\repository\jakarta\transaction\jakarta.transaction-api\1.3.3\jakarta.transaction-api-1.3.3.jar;C:\Users\sfjbs\.m2\repository\jakarta\persistence\jakarta.persistence-api\2.2.3\jakarta.persistence-api-2.2.3.jar;C:\Users\sfjbs\.m2\repository\org\hibernate\hibernate-core\5.6.10.Final\hibernate-core-5.6.10.Final.jar;C:\Users\sfjbs\
Launcher Type: SUN_STANDARD

[Global flags]
     intx CICompilerCount                          = 2                                         {product} {ergonomic}
     uint ConcGCThreads                            = 1                                         {product} {ergonomic}
     uint G1ConcRefinementThreads                  = 2                                         {product} {ergonomic}
   size_t G1HeapRegionSize                         = 1048576                                   {product} {ergonomic}
    uintx GCDrainStackTargetSize                   = 64                                        {product} {ergonomic}
   size_t InitialHeapSize                          = 134217728                                 {product} {ergonomic}
     bool ManagementServer                         = true                                      {product} {command line}
   size_t MarkStackSize                            = 4194304                                   {product} {ergonomic}
   size_t MaxHeapSize                              = 2147483648                                {product} {ergonomic}
   size_t MaxNewSize                               = 1287651328                                {product} {ergonomic}
   size_t MinHeapDeltaBytes                        = 1048576                                   {product} {ergonomic}
   size_t MinHeapSize                              = 8388608                                   {product} {ergonomic}
    uintx NonProfiledCodeHeapSize                  = 0                                      {pd product} {ergonomic}
     bool ProfileInterpreter                       = false                                  {pd product} {command line}
    uintx ProfiledCodeHeapSize                     = 0                                      {pd product} {ergonomic}
     bool ShowCodeDetailsInExceptionMessages       = true                                   {manageable} {command line}
   size_t SoftMaxHeapSize                          = 2147483648                             {manageable} {ergonomic}
     intx TieredStopAtLevel                        = 1                                         {product} {command line}
     bool UseCompressedClassPointers               = true                           {product lp64_product} {ergonomic}
     bool UseCompressedOops                        = true                           {product lp64_product} {ergonomic}
     bool UseG1GC                                  = true                                      {product} {ergonomic}
     bool UseLargePagesIndividualAllocation        = false                                  {pd product} {ergonomic}

Logging:
Log output configuration:
 #0: stdout all=warning uptime,level,tags
 #1: stderr all=off uptime,level,tags

Environment Variables:
PATH=C:/Users/sfjbs/Downloads/node-20220822T134758Z-001/node/sts-4.15.3.RELEASE//plugins/org.eclipse.justj.openjdk.hotspot.jre.full.win32.x86_64_17.0.4.v20220805-1047/jre/bin/server;C:/Users/sfjbs/Downloads/node-20220822T134758Z-001/node/sts-4.15.3.RELEASE//plugins/org.eclipse.justj.openjdk.hotspot.jre.full.win32.x86_64_17.0.4.v20220805-1047/jre/bin;C:\Python310\Scripts\;C:\Python310\;C:\Program Files\Common Files\Oracle\Java\javapath;C:\Windows\system32;C:\Windows;C:\Windows\System32\Wbem;C:\Windows\System32\WindowsPowerShell\v1.0\;C:\Windows\System32\OpenSSH\;C:\Program Files\nodejs\;C:\ProgramData\chocolatey\bin;C:\Program Files\Docker\Docker\resources\bin;C:\ProgramData\DockerDesktop\version-bin;C:\Program Files\Git\cmd;C:\Users\sfjbs\AppData\Local\Microsoft\WindowsApps;C:\Users\sfjbs\AppData\Roaming\npm;C:\Users\sfjbs\AppData\Local\Programs\Microsoft VS Code\bin;C:\Program Files\MongoDB\Server\5.0\bin;C:\Program Files\apache-maven-3.8.6\apache-maven\src\bin;;C:\Users\sfjbs\Downloads\node-20220822T134758Z-001\node\sts-4.15.3.RELEASE;
USERNAME=sfjbs
OS=Windows_NT
PROCESSOR_IDENTIFIER=Intel64 Family 6 Model 85 Stepping 7, GenuineIntel
TMP=C:\Users\sfjbs\AppData\Local\Temp
TEMP=C:\Users\sfjbs\AppData\Local\Temp



---------------  S Y S T E M  ---------------

OS:
 Windows 10 , 64 bit Build 19041 (10.0.19041.1889)
OS uptime: 19 days 11:56 hours
Hyper-V role detected

CPU: total 2 (initial active 2) (1 cores per cpu, 2 threads per core) family 6 model 85 stepping 7 microcode 0xffffffff, cx8, cmov, fxsr, ht, mmx, 3dnowpref, sse, sse2, sse3, ssse3, sse4.1, sse4.2, popcnt, lzcnt, tsc, avx, avx2, aes, erms, clmul, bmi1, bmi2, rtm, adx, avx512f, avx512dq, avx512cd, avx512bw, avx512vl, fma, vzeroupper, clflush, clflushopt, hv

Memory: 4k page, system-wide physical 8190M (1771M free)
TotalPageFile size 10238M (AvailPageFile size 4M)
current process WorkingSet (physical memory assigned to process): 86M, peak: 86M
current process commit charge ("private bytes"): 217M, peak: 243M

vm_info: OpenJDK 64-Bit Server VM (17.0.4+8) for windows-amd64 JRE (17.0.4+8), built on Jul 19 2022 16:05:16 by "temurin" with MS VC++ 16.7 (VS2019)

END.
