#
# There is insufficient memory for the Java Runtime Environment to continue.
# Native memory allocation (mmap) failed to map 4194304 bytes for G1 virtual space
# Possible reasons:
#   The system is out of physical RAM or swap space
#   The process is running with CompressedOops enabled, and the Java Heap may be blocking the growth of the native heap
# Possible solutions:
#   Reduce memory load on the system
#   Increase physical memory or swap space
#   Check if swap backing store is full
#   Decrease Java heap size (-Xmx/-Xms)
#   Decrease number of Java threads
#   Decrease Java thread stack sizes (-Xss)
#   Set larger code cache with -XX:ReservedCodeCacheSize=
#   JVM is running with Unscaled Compressed Oops mode in which the Java heap is
#     placed in the first 4GB address space. The Java Heap base address is the
#     maximum limit for the native heap growth. Please use -XX:HeapBaseMinAddress
#     to set the Java Heap base and to place the Java Heap above 4GB virtual address.
# This output file may be truncated or incomplete.
#
#  Out of Memory Error (os_windows.cpp:3541), pid=10648, tid=3924
#
# JRE version: OpenJDK Runtime Environment Temurin-17.0.4+8 (17.0.4+8) (build 17.0.4+8)
# Java VM: OpenJDK 64-Bit Server VM Temurin-17.0.4+8 (17.0.4+8, mixed mode, emulated-client, tiered, compressed oops, compressed class ptrs, g1 gc, windows-amd64)
# No core dump will be written. Minidumps are not enabled by default on client versions of Windows
#

---------------  S U M M A R Y ------------

Command Line: -Dcom.sun.management.jmxremote -Dcom.sun.management.jmxremote.port=56248 -Dcom.sun.management.jmxremote.authenticate=false -Dcom.sun.management.jmxremote.ssl=false -Djava.rmi.server.hostname=localhost -Dspring.jmx.enabled=true -Dspring.application.admin.enabled=true -XX:TieredStopAtLevel=1 -Dspring.boot.project.name=UserService -Dfile.encoding=UTF-8 -XX:+ShowCodeDetailsInExceptionMessages com.user.app.UserServiceApplication --spring.output.ansi.enabled=always

Host: Intel(R) Xeon(R) Platinum 8272CL CPU @ 2.60GHz, 2 cores, 7G,  Windows 10 , 64 bit Build 19041 (10.0.19041.1889)
Time: Wed Sep 28 12:45:09 2022 Coordinated Universal Time elapsed time: 11.136220 seconds (0d 0h 0m 11s)

---------------  T H R E A D  ---------------

Current thread (0x00000213d50a2b30):  VMThread "VM Thread" [stack: 0x000000c164e00000,0x000000c164f00000] [id=3924]

Stack: [0x000000c164e00000,0x000000c164f00000]
Native frames: (J=compiled Java code, j=interpreted, Vv=VM code, C=native code)
V  [jvm.dll+0x67733a]
V  [jvm.dll+0x8323c4]
V  [jvm.dll+0x833b6e]
V  [jvm.dll+0x8341d3]
V  [jvm.dll+0x2455e5]
V  [jvm.dll+0x674229]
V  [jvm.dll+0x668ab2]
V  [jvm.dll+0x30458b]
V  [jvm.dll+0x30bad6]
V  [jvm.dll+0x35ba7e]
V  [jvm.dll+0x35bcaf]
V  [jvm.dll+0x2db428]
V  [jvm.dll+0x2d96dc]
V  [jvm.dll+0x2d8cac]
V  [jvm.dll+0x31cc0b]
V  [jvm.dll+0x83867b]
V  [jvm.dll+0x8393b4]
V  [jvm.dll+0x8398cc]
V  [jvm.dll+0x839ca4]
V  [jvm.dll+0x839d70]
V  [jvm.dll+0x7e245a]
V  [jvm.dll+0x6761c5]
C  [ucrtbase.dll+0x21bb2]
C  [KERNEL32.DLL+0x17034]
C  [ntdll.dll+0x526a1]

VM_Operation (0x000000c1664f90b0): G1CollectForAllocation, mode: safepoint, requested by thread 0x00000213d74bdd90


---------------  P R O C E S S  ---------------

Threads class SMR info:
_java_thread_list=0x00000213daba2440, length=30, elements={
0x00000213c7f03dd0, 0x00000213d50bb620, 0x00000213d50be9e0, 0x00000213d508b850,
0x00000213d508c110, 0x00000213d50c1760, 0x00000213d50c47d0, 0x00000213d50c8de0,
0x00000213d50cc210, 0x00000213d5d56ef0, 0x00000213d5d42770, 0x00000213d5dc8930,
0x00000213d646a420, 0x00000213d64d2030, 0x00000213d64d2d00, 0x00000213d65c3480,
0x00000213d6618970, 0x00000213d65e7a90, 0x00000213d6632430, 0x00000213d74bd8c0,
0x00000213d74bdd90, 0x00000213d74bd3f0, 0x00000213d74bc580, 0x00000213d74bca50,
0x00000213d74bcf20, 0x00000213d66fc880, 0x00000213d66fcd50, 0x00000213d66fd220,
0x00000213d66fdbc0, 0x00000213d66fd6f0
}

Java Threads: ( => current thread )
  0x00000213c7f03dd0 JavaThread "main" [_thread_blocked, id=12800, stack(0x000000c164800000,0x000000c164900000)]
  0x00000213d50bb620 JavaThread "Reference Handler" daemon [_thread_blocked, id=2192, stack(0x000000c164f00000,0x000000c165000000)]
  0x00000213d50be9e0 JavaThread "Finalizer" daemon [_thread_blocked, id=864, stack(0x000000c165000000,0x000000c165100000)]
  0x00000213d508b850 JavaThread "Signal Dispatcher" daemon [_thread_blocked, id=12424, stack(0x000000c165100000,0x000000c165200000)]
  0x00000213d508c110 JavaThread "Attach Listener" daemon [_thread_blocked, id=4224, stack(0x000000c165200000,0x000000c165300000)]
  0x00000213d50c1760 JavaThread "Service Thread" daemon [_thread_blocked, id=8172, stack(0x000000c165300000,0x000000c165400000)]
  0x00000213d50c47d0 JavaThread "Monitor Deflation Thread" daemon [_thread_blocked, id=11072, stack(0x000000c165400000,0x000000c165500000)]
  0x00000213d50c8de0 JavaThread "C1 CompilerThread0" daemon [_thread_blocked, id=10120, stack(0x000000c165500000,0x000000c165600000)]
  0x00000213d50cc210 JavaThread "Sweeper thread" daemon [_thread_blocked, id=10248, stack(0x000000c165600000,0x000000c165700000)]
  0x00000213d5d56ef0 JavaThread "Common-Cleaner" daemon [_thread_blocked, id=10616, stack(0x000000c165700000,0x000000c165800000)]
  0x00000213d5d42770 JavaThread "C1 CompilerThread1" daemon [_thread_blocked, id=11420, stack(0x000000c165800000,0x000000c165900000)]
  0x00000213d5dc8930 JavaThread "Notification Thread" daemon [_thread_blocked, id=9112, stack(0x000000c165900000,0x000000c165a00000)]
  0x00000213d646a420 JavaThread "RMI TCP Accept-0" daemon [_thread_in_native, id=5012, stack(0x000000c165b00000,0x000000c165c00000)]
  0x00000213d64d2030 JavaThread "RMI TCP Accept-56248" daemon [_thread_in_native, id=7336, stack(0x000000c165c00000,0x000000c165d00000)]
  0x00000213d64d2d00 JavaThread "RMI TCP Accept-0" daemon [_thread_in_native, id=2620, stack(0x000000c165d00000,0x000000c165e00000)]
  0x00000213d65c3480 JavaThread "RMI TCP Connection(1)-127.0.0.1" daemon [_thread_in_native, id=1324, stack(0x000000c165e00000,0x000000c165f00000)]
  0x00000213d6618970 JavaThread "RMI Scheduler(0)" daemon [_thread_blocked, id=13296, stack(0x000000c166000000,0x000000c166100000)]
  0x00000213d65e7a90 JavaThread "RMI TCP Connection(2)-127.0.0.1" daemon [_thread_in_native, id=9828, stack(0x000000c166100000,0x000000c166200000)]
  0x00000213d6632430 JavaThread "JMX server connection timeout 20" daemon [_thread_blocked, id=4608, stack(0x000000c166200000,0x000000c166300000)]
  0x00000213d74bd8c0 JavaThread "Thread-0" [_thread_blocked, id=13080, stack(0x000000c166300000,0x000000c166400000)]
  0x00000213d74bdd90 JavaThread "restartedMain" [_thread_blocked, id=11836, stack(0x000000c166400000,0x000000c166500000)]
  0x00000213d74bd3f0 JavaThread "mysql-cj-abandoned-connection-cleanup" daemon [_thread_blocked, id=4632, stack(0x000000c166500000,0x000000c166600000)]
  0x00000213d74bc580 JavaThread "Catalina-utility-1" [_thread_blocked, id=6980, stack(0x000000c166600000,0x000000c166700000)]
  0x00000213d74bca50 JavaThread "Catalina-utility-2" [_thread_blocked, id=12120, stack(0x000000c166700000,0x000000c166800000)]
  0x00000213d74bcf20 JavaThread "container-0" [_thread_blocked, id=11256, stack(0x000000c166800000,0x000000c166900000)]
  0x00000213d66fc880 JavaThread "HikariPool-1 housekeeper" daemon [_thread_blocked, id=10084, stack(0x000000c166a00000,0x000000c166b00000)]
  0x00000213d66fcd50 JavaThread "HikariPool-1 connection adder" daemon [_thread_blocked, id=11196, stack(0x000000c166b00000,0x000000c166c00000)]
  0x00000213d66fd220 JavaThread "spring.cloud.inetutils" daemon [_thread_blocked, id=4968, stack(0x000000c166c00000,0x000000c166d00000)]
  0x00000213d66fdbc0 JavaThread "File Watcher" daemon [_thread_blocked, id=8732, stack(0x000000c166d00000,0x000000c166e00000)]
  0x00000213d66fd6f0 JavaThread "AsyncResolver-bootstrap-0" daemon [_thread_blocked, id=3580, stack(0x000000c166e00000,0x000000c166f00000)]

Other Threads:
=>0x00000213d50a2b30 VMThread "VM Thread" [stack: 0x000000c164e00000,0x000000c164f00000] [id=3924]
  0x00000213d64d31d0 WatcherThread [stack: 0x000000c165f00000,0x000000c166000000] [id=2848]
  0x00000213c7f5f8a0 GCTaskThread "GC Thread#0" [stack: 0x000000c164900000,0x000000c164a00000] [id=14160]
  0x00000213d5e0cd60 GCTaskThread "GC Thread#1" [stack: 0x000000c165a00000,0x000000c165b00000] [id=6728]
  0x00000213c7f71700 ConcurrentGCThread "G1 Main Marker" [stack: 0x000000c164a00000,0x000000c164b00000] [id=6924]
  0x00000213c7f72900 ConcurrentGCThread "G1 Conc#0" [stack: 0x000000c164b00000,0x000000c164c00000] [id=10808]
  0x00000213d4ee0090 ConcurrentGCThread "G1 Refine#0" [stack: 0x000000c164c00000,0x000000c164d00000] [id=6212]
  0x00000213d4ee12a0 ConcurrentGCThread "G1 Service" [stack: 0x000000c164d00000,0x000000c164e00000] [id=7204]

Threads with active compile tasks:

VM state: at safepoint (normal execution)

VM Mutex/Monitor currently owned by a thread:  ([mutex/lock_event])
[0x00000213c7eff750] Threads_lock - owner thread: 0x00000213d50a2b30
[0x00000213c7eff870] Heap_lock - owner thread: 0x00000213d74bdd90

Heap address: 0x0000000080000000, size: 2048 MB, Compressed Oops mode: 32-bit

CDS archive(s) not mapped
Compressed class space mapped at: 0x0000000100000000-0x0000000140000000, reserved size: 1073741824
Narrow klass base: 0x0000000000000000, Narrow klass shift: 3, Narrow klass range: 0x140000000

GC Precious Log:
 CPUs: 2 total, 2 available
 Memory: 8190M
 Large Page Support: Disabled
 NUMA Support: Disabled
 Compressed Oops: Enabled (32-bit)
 Heap Region Size: 1M
 Heap Min Capacity: 8M
 Heap Initial Capacity: 128M
 Heap Max Capacity: 2G
 Pre-touch: Disabled
 Parallel Workers: 2
 Concurrent Workers: 1
 Concurrent Refinement Workers: 2
 Periodic GC: Disabled

Heap:
 garbage-first heap   total 152576K, used 41517K [0x0000000080000000, 0x0000000100000000)
  region size 1024K, 1 young (1024K), 1 survivors (1024K)
 Metaspace       used 70639K, committed 71104K, reserved 1114112K
  class space    used 9826K, committed 10048K, reserved 1048576K

Heap Regions: E=young(eden), S=young(survivor), O=old, HS=humongous(starts), HC=humongous(continues), CS=collection set, F=free, OA=open archive, CA=closed archive, TAMS=top-at-mark-start (previous, next)
|   0|0x0000000080000000, 0x0000000080100000, 0x0000000080100000|100%|HS|  |TAMS 0x0000000080100000, 0x0000000080000000| Complete 
|   1|0x0000000080100000, 0x0000000080200000, 0x0000000080200000|100%| O|  |TAMS 0x0000000080200000, 0x0000000080100000| Untracked 
|   2|0x0000000080200000, 0x0000000080300000, 0x0000000080300000|100%| O|  |TAMS 0x0000000080300000, 0x0000000080200000| Untracked 
|   3|0x0000000080300000, 0x0000000080400000, 0x0000000080400000|100%| O|  |TAMS 0x0000000080400000, 0x0000000080300000| Untracked 
|   4|0x0000000080400000, 0x0000000080500000, 0x0000000080500000|100%| O|  |TAMS 0x0000000080500000, 0x0000000080400000| Untracked 
|   5|0x0000000080500000, 0x0000000080600000, 0x0000000080600000|100%| O|  |TAMS 0x0000000080600000, 0x0000000080500000| Untracked 
|   6|0x0000000080600000, 0x0000000080700000, 0x0000000080700000|100%| O|  |TAMS 0x0000000080700000, 0x0000000080600000| Untracked 
|   7|0x0000000080700000, 0x0000000080800000, 0x0000000080800000|100%| O|  |TAMS 0x0000000080800000, 0x0000000080700000| Untracked 
|   8|0x0000000080800000, 0x0000000080900000, 0x0000000080900000|100%| O|  |TAMS 0x0000000080900000, 0x0000000080800000| Untracked 
|   9|0x0000000080900000, 0x0000000080a00000, 0x0000000080a00000|100%| O|  |TAMS 0x0000000080a00000, 0x0000000080900000| Untracked 
|  10|0x0000000080a00000, 0x0000000080b00000, 0x0000000080b00000|100%| O|  |TAMS 0x0000000080a00000, 0x0000000080a00000| Untracked 
|  11|0x0000000080b00000, 0x0000000080c00000, 0x0000000080c00000|100%| O|  |TAMS 0x0000000080c00000, 0x0000000080b00000| Untracked 
|  12|0x0000000080c00000, 0x0000000080d00000, 0x0000000080d00000|100%| O|  |TAMS 0x0000000080d00000, 0x0000000080c00000| Untracked 
|  13|0x0000000080d00000, 0x0000000080d00000, 0x0000000080e00000|  0%| F|  |TAMS 0x0000000080d00000, 0x0000000080d00000| Untracked 
|  14|0x0000000080e00000, 0x0000000080f00000, 0x0000000080f00000|100%| O|  |TAMS 0x0000000080f00000, 0x0000000080e00000| Untracked 
|  15|0x0000000080f00000, 0x0000000081000000, 0x0000000081000000|100%| O|  |TAMS 0x0000000081000000, 0x0000000080f00000| Untracked 
|  16|0x0000000081000000, 0x0000000081100000, 0x0000000081100000|100%| O|  |TAMS 0x0000000081100000, 0x0000000081000000| Untracked 
|  17|0x0000000081100000, 0x0000000081200000, 0x0000000081200000|100%| O|  |TAMS 0x0000000081200000, 0x0000000081100000| Untracked 
|  18|0x0000000081200000, 0x0000000081300000, 0x0000000081300000|100%| O|  |TAMS 0x0000000081300000, 0x0000000081200000| Untracked 
|  19|0x0000000081300000, 0x0000000081400000, 0x0000000081400000|100%| O|  |TAMS 0x0000000081400000, 0x0000000081300000| Untracked 
|  20|0x0000000081400000, 0x0000000081500000, 0x0000000081500000|100%| O|  |TAMS 0x0000000081500000, 0x0000000081400000| Untracked 
|  21|0x0000000081500000, 0x0000000081600000, 0x0000000081600000|100%| O|  |TAMS 0x0000000081600000, 0x0000000081500000| Untracked 
|  22|0x0000000081600000, 0x0000000081700000, 0x0000000081700000|100%| O|  |TAMS 0x0000000081700000, 0x0000000081600000| Untracked 
|  23|0x0000000081700000, 0x0000000081800000, 0x0000000081800000|100%| O|  |TAMS 0x0000000081800000, 0x0000000081700000| Untracked 
|  24|0x0000000081800000, 0x0000000081900000, 0x0000000081900000|100%| O|  |TAMS 0x0000000081900000, 0x0000000081800000| Untracked 
|  25|0x0000000081900000, 0x0000000081a00000, 0x0000000081a00000|100%| O|  |TAMS 0x0000000081a00000, 0x0000000081900000| Untracked 
|  26|0x0000000081a00000, 0x0000000081b00000, 0x0000000081b00000|100%| O|  |TAMS 0x0000000081b00000, 0x0000000081a00000| Untracked 
|  27|0x0000000081b00000, 0x0000000081c00000, 0x0000000081c00000|100%| O|  |TAMS 0x0000000081c00000, 0x0000000081b00000| Untracked 
|  28|0x0000000081c00000, 0x0000000081d00000, 0x0000000081d00000|100%| O|  |TAMS 0x0000000081d00000, 0x0000000081c00000| Untracked 
|  29|0x0000000081d00000, 0x0000000081e00000, 0x0000000081e00000|100%| O|  |TAMS 0x0000000081e00000, 0x0000000081d00000| Untracked 
|  30|0x0000000081e00000, 0x0000000081f00000, 0x0000000081f00000|100%| O|  |TAMS 0x0000000081f00000, 0x0000000081e00000| Untracked 
|  31|0x0000000081f00000, 0x0000000082000000, 0x0000000082000000|100%| O|  |TAMS 0x0000000082000000, 0x0000000081f00000| Untracked 
|  32|0x0000000082000000, 0x0000000082100000, 0x0000000082100000|100%| O|  |TAMS 0x0000000082100000, 0x0000000082000000| Untracked 
|  33|0x0000000082100000, 0x0000000082200000, 0x0000000082200000|100%| O|  |TAMS 0x0000000082200000, 0x0000000082100000| Untracked 
|  34|0x0000000082200000, 0x0000000082300000, 0x0000000082300000|100%| O|  |TAMS 0x0000000082300000, 0x0000000082200000| Untracked 
|  35|0x0000000082300000, 0x0000000082400000, 0x0000000082400000|100%| O|  |TAMS 0x0000000082311800, 0x0000000082300000| Untracked 
|  36|0x0000000082400000, 0x0000000082500000, 0x0000000082500000|100%| O|  |TAMS 0x0000000082400000, 0x0000000082400000| Untracked 
|  37|0x0000000082500000, 0x0000000082600000, 0x0000000082600000|100%| O|  |TAMS 0x0000000082500000, 0x0000000082500000| Untracked 
|  38|0x0000000082600000, 0x0000000082700000, 0x0000000082700000|100%| O|  |TAMS 0x0000000082600000, 0x0000000082600000| Untracked 
|  39|0x0000000082700000, 0x0000000082800000, 0x0000000082800000|100%| O|  |TAMS 0x0000000082700000, 0x0000000082700000| Untracked 
|  40|0x0000000082800000, 0x00000000828f1800, 0x0000000082900000| 94%| O|  |TAMS 0x0000000082800000, 0x0000000082800000| Untracked 
|  41|0x0000000082900000, 0x0000000082900000, 0x0000000082a00000|  0%| F|  |TAMS 0x0000000082900000, 0x0000000082900000| Untracked 
|  42|0x0000000082a00000, 0x0000000082a00000, 0x0000000082b00000|  0%| F|  |TAMS 0x0000000082a00000, 0x0000000082a00000| Untracked 
|  43|0x0000000082b00000, 0x0000000082b00000, 0x0000000082c00000|  0%| F|  |TAMS 0x0000000082b00000, 0x0000000082b00000| Untracked 
|  44|0x0000000082c00000, 0x0000000082c00000, 0x0000000082d00000|  0%| F|  |TAMS 0x0000000082c00000, 0x0000000082c00000| Untracked 
|  45|0x0000000082d00000, 0x0000000082d00000, 0x0000000082e00000|  0%| F|  |TAMS 0x0000000082d00000, 0x0000000082d00000| Untracked 
|  46|0x0000000082e00000, 0x0000000082e00000, 0x0000000082f00000|  0%| F|  |TAMS 0x0000000082e00000, 0x0000000082e00000| Untracked 
|  47|0x0000000082f00000, 0x0000000082f00000, 0x0000000083000000|  0%| F|  |TAMS 0x0000000082f00000, 0x0000000082f00000| Untracked 
|  48|0x0000000083000000, 0x0000000083000000, 0x0000000083100000|  0%| F|  |TAMS 0x0000000083000000, 0x0000000083000000| Untracked 
|  49|0x0000000083100000, 0x0000000083100000, 0x0000000083200000|  0%| F|  |TAMS 0x0000000083100000, 0x0000000083100000| Untracked 
|  50|0x0000000083200000, 0x0000000083200000, 0x0000000083300000|  0%| F|  |TAMS 0x0000000083200000, 0x0000000083200000| Untracked 
|  51|0x0000000083300000, 0x0000000083300000, 0x0000000083400000|  0%| F|  |TAMS 0x0000000083300000, 0x0000000083300000| Untracked 
|  52|0x0000000083400000, 0x0000000083400000, 0x0000000083500000|  0%| F|  |TAMS 0x0000000083400000, 0x0000000083400000| Untracked 
|  53|0x0000000083500000, 0x0000000083500000, 0x0000000083600000|  0%| F|  |TAMS 0x0000000083500000, 0x0000000083500000| Untracked 
|  54|0x0000000083600000, 0x0000000083600000, 0x0000000083700000|  0%| F|  |TAMS 0x0000000083600000, 0x0000000083600000| Untracked 
|  55|0x0000000083700000, 0x0000000083700000, 0x0000000083800000|  0%| F|  |TAMS 0x0000000083700000, 0x0000000083700000| Untracked 
|  56|0x0000000083800000, 0x0000000083800000, 0x0000000083900000|  0%| F|  |TAMS 0x0000000083800000, 0x0000000083800000| Untracked 
|  57|0x0000000083900000, 0x0000000083900000, 0x0000000083a00000|  0%| F|  |TAMS 0x0000000083900000, 0x0000000083900000| Untracked 
|  58|0x0000000083a00000, 0x0000000083a00000, 0x0000000083b00000|  0%| F|  |TAMS 0x0000000083a00000, 0x0000000083a00000| Untracked 
|  59|0x0000000083b00000, 0x0000000083b00000, 0x0000000083c00000|  0%| F|  |TAMS 0x0000000083b00000, 0x0000000083b00000| Untracked 
|  60|0x0000000083c00000, 0x0000000083c00000, 0x0000000083d00000|  0%| F|  |TAMS 0x0000000083c00000, 0x0000000083c00000| Untracked 
|  61|0x0000000083d00000, 0x0000000083d00000, 0x0000000083e00000|  0%| F|  |TAMS 0x0000000083d00000, 0x0000000083d00000| Untracked 
|  62|0x0000000083e00000, 0x0000000083e00000, 0x0000000083f00000|  0%| F|  |TAMS 0x0000000083e00000, 0x0000000083e00000| Untracked 
|  63|0x0000000083f00000, 0x0000000083f00000, 0x0000000084000000|  0%| F|  |TAMS 0x0000000083f00000, 0x0000000083f00000| Untracked 
|  64|0x0000000084000000, 0x0000000084000000, 0x0000000084100000|  0%| F|  |TAMS 0x0000000084000000, 0x0000000084000000| Untracked 
|  65|0x0000000084100000, 0x0000000084100000, 0x0000000084200000|  0%| F|  |TAMS 0x0000000084100000, 0x0000000084100000| Untracked 
|  66|0x0000000084200000, 0x0000000084200000, 0x0000000084300000|  0%| F|  |TAMS 0x0000000084200000, 0x0000000084200000| Untracked 
|  67|0x0000000084300000, 0x0000000084300000, 0x0000000084400000|  0%| F|  |TAMS 0x0000000084300000, 0x0000000084300000| Untracked 
|  68|0x0000000084400000, 0x0000000084400000, 0x0000000084500000|  0%| F|  |TAMS 0x0000000084400000, 0x0000000084400000| Untracked 
|  69|0x0000000084500000, 0x0000000084500000, 0x0000000084600000|  0%| F|  |TAMS 0x0000000084500000, 0x0000000084500000| Untracked 
|  70|0x0000000084600000, 0x0000000084600000, 0x0000000084700000|  0%| F|  |TAMS 0x0000000084600000, 0x0000000084600000| Untracked 
|  71|0x0000000084700000, 0x0000000084700000, 0x0000000084800000|  0%| F|  |TAMS 0x0000000084700000, 0x0000000084700000| Untracked 
|  72|0x0000000084800000, 0x0000000084800000, 0x0000000084900000|  0%| F|  |TAMS 0x0000000084800000, 0x0000000084800000| Untracked 
|  73|0x0000000084900000, 0x0000000084900000, 0x0000000084a00000|  0%| F|  |TAMS 0x0000000084900000, 0x0000000084900000| Untracked 
|  74|0x0000000084a00000, 0x0000000084a00000, 0x0000000084b00000|  0%| F|  |TAMS 0x0000000084a00000, 0x0000000084a00000| Untracked 
|  75|0x0000000084b00000, 0x0000000084b00000, 0x0000000084c00000|  0%| F|  |TAMS 0x0000000084b00000, 0x0000000084b00000| Untracked 
|  76|0x0000000084c00000, 0x0000000084c00000, 0x0000000084d00000|  0%| F|  |TAMS 0x0000000084c00000, 0x0000000084c00000| Untracked 
|  77|0x0000000084d00000, 0x0000000084d00000, 0x0000000084e00000|  0%| F|  |TAMS 0x0000000084d00000, 0x0000000084d00000| Untracked 
|  78|0x0000000084e00000, 0x0000000084e00000, 0x0000000084f00000|  0%| F|  |TAMS 0x0000000084e00000, 0x0000000084e00000| Untracked 
|  79|0x0000000084f00000, 0x0000000084f00000, 0x0000000085000000|  0%| F|  |TAMS 0x0000000084f00000, 0x0000000084f00000| Untracked 
|  80|0x0000000085000000, 0x0000000085000000, 0x0000000085100000|  0%| F|  |TAMS 0x0000000085000000, 0x0000000085000000| Untracked 
|  81|0x0000000085100000, 0x0000000085100000, 0x0000000085200000|  0%| F|  |TAMS 0x0000000085100000, 0x0000000085100000| Untracked 
|  82|0x0000000085200000, 0x0000000085200000, 0x0000000085300000|  0%| F|  |TAMS 0x0000000085200000, 0x0000000085200000| Untracked 
|  83|0x0000000085300000, 0x0000000085300000, 0x0000000085400000|  0%| F|  |TAMS 0x0000000085300000, 0x0000000085300000| Untracked 
|  84|0x0000000085400000, 0x0000000085400000, 0x0000000085500000|  0%| F|  |TAMS 0x0000000085400000, 0x0000000085400000| Untracked 
|  85|0x0000000085500000, 0x0000000085500000, 0x0000000085600000|  0%| F|  |TAMS 0x0000000085500000, 0x0000000085500000| Untracked 
|  86|0x0000000085600000, 0x0000000085600000, 0x0000000085700000|  0%| F|  |TAMS 0x0000000085600000, 0x0000000085600000| Untracked 
|  87|0x0000000085700000, 0x0000000085700000, 0x0000000085800000|  0%| F|  |TAMS 0x0000000085700000, 0x0000000085700000| Untracked 
|  88|0x0000000085800000, 0x0000000085800000, 0x0000000085900000|  0%| F|  |TAMS 0x0000000085800000, 0x0000000085800000| Untracked 
|  89|0x0000000085900000, 0x0000000085900000, 0x0000000085a00000|  0%| F|  |TAMS 0x0000000085900000, 0x0000000085900000| Untracked 
|  90|0x0000000085a00000, 0x0000000085a00000, 0x0000000085b00000|  0%| F|  |TAMS 0x0000000085a00000, 0x0000000085a00000| Untracked 
|  91|0x0000000085b00000, 0x0000000085b00000, 0x0000000085c00000|  0%| F|  |TAMS 0x0000000085b00000, 0x0000000085b00000| Untracked 
|  92|0x0000000085c00000, 0x0000000085c00000, 0x0000000085d00000|  0%| F|  |TAMS 0x0000000085c00000, 0x0000000085c00000| Untracked 
|  93|0x0000000085d00000, 0x0000000085d00000, 0x0000000085e00000|  0%| F|  |TAMS 0x0000000085d00000, 0x0000000085d00000| Untracked 
|  94|0x0000000085e00000, 0x0000000085e00000, 0x0000000085f00000|  0%| F|  |TAMS 0x0000000085e00000, 0x0000000085e00000| Untracked 
|  95|0x0000000085f00000, 0x0000000085f00000, 0x0000000086000000|  0%| F|  |TAMS 0x0000000085f00000, 0x0000000085f00000| Untracked 
|  96|0x0000000086000000, 0x0000000086000000, 0x0000000086100000|  0%| F|  |TAMS 0x0000000086000000, 0x0000000086000000| Untracked 
|  97|0x0000000086100000, 0x0000000086100000, 0x0000000086200000|  0%| F|  |TAMS 0x0000000086100000, 0x0000000086100000| Untracked 
|  98|0x0000000086200000, 0x0000000086200000, 0x0000000086300000|  0%| F|  |TAMS 0x0000000086200000, 0x0000000086200000| Untracked 
|  99|0x0000000086300000, 0x0000000086300000, 0x0000000086400000|  0%| F|  |TAMS 0x0000000086300000, 0x0000000086300000| Untracked 
| 100|0x0000000086400000, 0x0000000086400000, 0x0000000086500000|  0%| F|  |TAMS 0x0000000086400000, 0x0000000086400000| Untracked 
| 101|0x0000000086500000, 0x0000000086500000, 0x0000000086600000|  0%| F|  |TAMS 0x0000000086500000, 0x0000000086500000| Untracked 
| 102|0x0000000086600000, 0x0000000086600000, 0x0000000086700000|  0%| F|  |TAMS 0x0000000086600000, 0x0000000086600000| Untracked 
| 103|0x0000000086700000, 0x0000000086700000, 0x0000000086800000|  0%| F|  |TAMS 0x0000000086700000, 0x0000000086700000| Untracked 
| 104|0x0000000086800000, 0x0000000086800000, 0x0000000086900000|  0%| F|  |TAMS 0x0000000086800000, 0x0000000086800000| Untracked 
| 105|0x0000000086900000, 0x0000000086900000, 0x0000000086a00000|  0%| F|  |TAMS 0x0000000086900000, 0x0000000086900000| Untracked 
| 106|0x0000000086a00000, 0x0000000086a00000, 0x0000000086b00000|  0%| F|  |TAMS 0x0000000086a00000, 0x0000000086a00000| Untracked 
| 107|0x0000000086b00000, 0x0000000086b00000, 0x0000000086c00000|  0%| F|  |TAMS 0x0000000086b00000, 0x0000000086b00000| Untracked 
| 108|0x0000000086c00000, 0x0000000086c00000, 0x0000000086d00000|  0%| F|  |TAMS 0x0000000086c00000, 0x0000000086c00000| Untracked 
| 109|0x0000000086d00000, 0x0000000086d00000, 0x0000000086e00000|  0%| F|  |TAMS 0x0000000086d00000, 0x0000000086d00000| Untracked 
| 110|0x0000000086e00000, 0x0000000086e00000, 0x0000000086f00000|  0%| F|  |TAMS 0x0000000086e00000, 0x0000000086e00000| Untracked 
| 111|0x0000000086f00000, 0x0000000086f00000, 0x0000000087000000|  0%| F|  |TAMS 0x0000000086f00000, 0x0000000086f00000| Untracked 
| 112|0x0000000087000000, 0x0000000087000000, 0x0000000087100000|  0%| F|  |TAMS 0x0000000087000000, 0x0000000087000000| Untracked 
| 113|0x0000000087100000, 0x0000000087100000, 0x0000000087200000|  0%| F|  |TAMS 0x0000000087100000, 0x0000000087100000| Untracked 
| 114|0x0000000087200000, 0x0000000087200000, 0x0000000087300000|  0%| F|  |TAMS 0x0000000087200000, 0x0000000087200000| Untracked 
| 115|0x0000000087300000, 0x0000000087300000, 0x0000000087400000|  0%| F|  |TAMS 0x0000000087300000, 0x0000000087300000| Untracked 
| 116|0x0000000087400000, 0x0000000087400000, 0x0000000087500000|  0%| F|  |TAMS 0x0000000087400000, 0x0000000087400000| Untracked 
| 117|0x0000000087500000, 0x0000000087500000, 0x0000000087600000|  0%| F|  |TAMS 0x0000000087500000, 0x0000000087500000| Untracked 
| 118|0x0000000087600000, 0x0000000087600000, 0x0000000087700000|  0%| F|  |TAMS 0x0000000087600000, 0x0000000087600000| Untracked 
| 119|0x0000000087700000, 0x0000000087700000, 0x0000000087800000|  0%| F|  |TAMS 0x0000000087700000, 0x0000000087700000| Untracked 
| 120|0x0000000087800000, 0x0000000087800000, 0x0000000087900000|  0%| F|  |TAMS 0x0000000087800000, 0x0000000087800000| Untracked 
| 121|0x0000000087900000, 0x0000000087900000, 0x0000000087a00000|  0%| F|  |TAMS 0x0000000087900000, 0x0000000087900000| Untracked 
| 122|0x0000000087a00000, 0x0000000087a00000, 0x0000000087b00000|  0%| F|  |TAMS 0x0000000087a00000, 0x0000000087a00000| Untracked 
| 123|0x0000000087b00000, 0x0000000087b00000, 0x0000000087c00000|  0%| F|  |TAMS 0x0000000087b00000, 0x0000000087b00000| Untracked 
| 124|0x0000000087c00000, 0x0000000087c00000, 0x0000000087d00000|  0%| F|  |TAMS 0x0000000087c00000, 0x0000000087c00000| Untracked 
| 125|0x0000000087d00000, 0x0000000087d00000, 0x0000000087e00000|  0%| F|  |TAMS 0x0000000087d00000, 0x0000000087d00000| Untracked 
| 126|0x0000000087e00000, 0x0000000087e00000, 0x0000000087f00000|  0%| F|  |TAMS 0x0000000087e00000, 0x0000000087e00000| Untracked 
| 127|0x0000000087f00000, 0x0000000087f00000, 0x0000000088000000|  0%| F|  |TAMS 0x0000000087f00000, 0x0000000087f00000| Untracked 
| 128|0x0000000088000000, 0x0000000088000000, 0x0000000088100000|  0%| F|  |TAMS 0x0000000088000000, 0x0000000088000000| Untracked 
| 129|0x0000000088100000, 0x0000000088100000, 0x0000000088200000|  0%| F|  |TAMS 0x0000000088100000, 0x0000000088100000| Untracked 
| 130|0x0000000088200000, 0x0000000088200000, 0x0000000088300000|  0%| F|  |TAMS 0x0000000088200000, 0x0000000088200000| Untracked 
| 131|0x0000000088300000, 0x0000000088300000, 0x0000000088400000|  0%| F|  |TAMS 0x0000000088300000, 0x0000000088300000| Untracked 
| 132|0x0000000088400000, 0x0000000088400000, 0x0000000088500000|  0%| F|  |TAMS 0x0000000088400000, 0x0000000088400000| Untracked 
| 133|0x0000000088500000, 0x0000000088500000, 0x0000000088600000|  0%| F|  |TAMS 0x0000000088500000, 0x0000000088500000| Untracked 
| 134|0x0000000088600000, 0x0000000088600000, 0x0000000088700000|  0%| F|  |TAMS 0x0000000088600000, 0x0000000088600000| Untracked 
| 135|0x0000000088700000, 0x0000000088700000, 0x0000000088800000|  0%| F|  |TAMS 0x0000000088700000, 0x0000000088700000| Untracked 
| 136|0x0000000088800000, 0x0000000088800000, 0x0000000088900000|  0%| F|  |TAMS 0x0000000088800000, 0x0000000088800000| Untracked 
| 137|0x0000000088900000, 0x0000000088900000, 0x0000000088a00000|  0%| F|  |TAMS 0x0000000088900000, 0x0000000088900000| Untracked 
| 138|0x0000000088a00000, 0x0000000088a00000, 0x0000000088b00000|  0%| F|  |TAMS 0x0000000088a00000, 0x0000000088a00000| Untracked 
| 139|0x0000000088b00000, 0x0000000088b00000, 0x0000000088c00000|  0%| F|  |TAMS 0x0000000088b00000, 0x0000000088b00000| Untracked 
| 140|0x0000000088c00000, 0x0000000088c00000, 0x0000000088d00000|  0%| F|  |TAMS 0x0000000088c00000, 0x0000000088c00000| Untracked 
| 141|0x0000000088d00000, 0x0000000088d00000, 0x0000000088e00000|  0%| F|  |TAMS 0x0000000088d00000, 0x0000000088d00000| Untracked 
| 142|0x0000000088e00000, 0x0000000088e00000, 0x0000000088f00000|  0%| F|  |TAMS 0x0000000088e00000, 0x0000000088e00000| Untracked 
| 143|0x0000000088f00000, 0x0000000088f00000, 0x0000000089000000|  0%| F|  |TAMS 0x0000000088f00000, 0x0000000088f00000| Untracked 
| 144|0x0000000089000000, 0x0000000089000000, 0x0000000089100000|  0%| F|  |TAMS 0x0000000089000000, 0x0000000089000000| Untracked 
| 145|0x0000000089100000, 0x0000000089100000, 0x0000000089200000|  0%| F|  |TAMS 0x0000000089100000, 0x0000000089100000| Untracked 
| 146|0x0000000089200000, 0x0000000089200000, 0x0000000089300000|  0%| F|  |TAMS 0x0000000089200000, 0x0000000089200000| Untracked 
| 147|0x0000000089300000, 0x0000000089399d10, 0x0000000089400000| 60%| S|CS|TAMS 0x0000000089300000, 0x0000000089300000| Complete 
| 153|0x0000000089900000, 0x0000000089900000, 0x0000000089a00000|  0%| F|  |TAMS 0x0000000089900000, 0x0000000089900000| Untracked 

Card table byte_map: [0x00000213ce5c0000,0x00000213ce9c0000] _byte_map_base: 0x00000213ce1c0000

Marking Bits (Prev, Next): (CMBitMap*) 0x00000213c7f60dd0, (CMBitMap*) 0x00000213c7f60e10
 Prev Bits: [0x00000213cedc0000, 0x00000213d0dc0000)
 Next Bits: [0x00000213d0dc0000, 0x00000213d2dc0000)

Polling page: 0x00000213c5ed0000

Metaspace:

Usage:
  Non-class:     59.39 MB used.
      Class:      9.60 MB used.
       Both:     68.98 MB used.

Virtual space:
  Non-class space:       64.00 MB reserved,      59.62 MB ( 93%) committed,  8 nodes.
      Class space:        1.00 GB reserved,       9.81 MB ( <1%) committed,  1 nodes.
             Both:        1.06 GB reserved,      69.44 MB (  6%) committed. 

Chunk freelists:
   Non-Class:  320.00 KB
       Class:  2.22 MB
        Both:  2.53 MB

MaxMetaspaceSize: unlimited
CompressedClassSpaceSize: 1.00 GB
Initial GC threshold: 21.00 MB
Current GC threshold: 108.88 MB
CDS: off
MetaspaceReclaimPolicy: balanced
 - commit_granule_bytes: 65536.
 - commit_granule_words: 8192.
 - virtual_space_node_default_size: 1048576.
 - enlarge_chunks_in_place: 1.
 - new_chunks_are_fully_committed: 0.
 - uncommit_free_chunks: 1.
 - use_allocation_guard: 0.
 - handle_deallocations: 1.


Internal statistics:

num_allocs_failed_limit: 12.
num_arena_births: 646.
num_arena_deaths: 0.
num_vsnodes_births: 9.
num_vsnodes_deaths: 0.
num_space_committed: 1111.
num_space_uncommitted: 0.
num_chunks_returned_to_freelist: 12.
num_chunks_taken_from_freelist: 2945.
num_chunk_merges: 9.
num_chunk_splits: 2041.
num_chunks_enlarged: 1527.
num_purges: 0.
num_inconsistent_stats: 0.

CodeCache: size=49152Kb used=11373Kb max_used=11373Kb free=37778Kb
 bounds [0x00000213cb5c0000, 0x00000213cc0e0000, 0x00000213ce5c0000]
 total_blobs=6575 nmethods=5960 adapters=541
 compilation: enabled
              stopped_count=0, restarted_count=0
 full_count=0

Compilation events (20 events):
Event: 11.095 Thread 0x00000213d50c8de0 nmethod 5951 0x00000213cc0d8e90 code [0x00000213cc0d9020, 0x00000213cc0d90f8]
Event: 11.095 Thread 0x00000213d50c8de0 5952       1       com.fasterxml.jackson.databind.introspect.AnnotatedClass::getAnnotations (5 bytes)
Event: 11.096 Thread 0x00000213d50c8de0 nmethod 5952 0x00000213cc0d9190 code [0x00000213cc0d9320, 0x00000213cc0d93f8]
Event: 11.096 Thread 0x00000213d5d42770 nmethod 5949 0x00000213cc0d9490 code [0x00000213cc0d9680, 0x00000213cc0d9bb8]
Event: 11.096 Thread 0x00000213d50c8de0 5953       1       com.fasterxml.jackson.databind.type.SimpleType::hasContentType (2 bytes)
Event: 11.096 Thread 0x00000213d50c8de0 nmethod 5953 0x00000213cc0d9e10 code [0x00000213cc0d9fa0, 0x00000213cc0da078]
Event: 11.096 Thread 0x00000213d50c8de0 5954       1       com.fasterxml.jackson.databind.deser.SettableBeanProperty::getType (5 bytes)
Event: 11.096 Thread 0x00000213d50c8de0 nmethod 5954 0x00000213cc0da110 code [0x00000213cc0da2a0, 0x00000213cc0da378]
Event: 11.096 Thread 0x00000213d5d42770 5955       1       com.fasterxml.jackson.databind.type.TypeBase::getSuperClass (5 bytes)
Event: 11.096 Thread 0x00000213d5d42770 nmethod 5955 0x00000213cc0da410 code [0x00000213cc0da5a0, 0x00000213cc0da678]
Event: 11.096 Thread 0x00000213d5d42770 5956       1       com.fasterxml.jackson.databind.type.TypeBase::getBindings (5 bytes)
Event: 11.097 Thread 0x00000213d5d42770 nmethod 5956 0x00000213cc0da710 code [0x00000213cc0da8a0, 0x00000213cc0da978]
Event: 11.097 Thread 0x00000213d5d42770 5957       1       com.fasterxml.jackson.databind.deser.SettableBeanProperty::getValueDeserializer (16 bytes)
Event: 11.097 Thread 0x00000213d5d42770 nmethod 5957 0x00000213cc0daa10 code [0x00000213cc0daba0, 0x00000213cc0dacb8]
Event: 11.097 Thread 0x00000213d5d42770 5958       1       com.fasterxml.jackson.databind.introspect.ConcreteBeanPropertyBase::getMetadata (5 bytes)
Event: 11.097 Thread 0x00000213d50c8de0 5959       1       com.fasterxml.jackson.databind.PropertyMetadata::getMergeInfo (5 bytes)
Event: 11.097 Thread 0x00000213d5d42770 nmethod 5958 0x00000213cc0dad10 code [0x00000213cc0daea0, 0x00000213cc0daf78]
Event: 11.097 Thread 0x00000213d50c8de0 nmethod 5959 0x00000213cc0db010 code [0x00000213cc0db1a0, 0x00000213cc0db278]
Event: 11.097 Thread 0x00000213d50c8de0 5960       1       com.fasterxml.jackson.databind.deser.CreatorProperty::isIgnorable (5 bytes)
Event: 11.097 Thread 0x00000213d50c8de0 nmethod 5960 0x00000213cc0db310 code [0x00000213cc0db4a0, 0x00000213cc0db578]

GC Heap History (20 events):
Event: 5.717 GC heap after
{Heap after GC invocations=16 (full 0):
 garbage-first heap   total 70656K, used 25935K [0x0000000080000000, 0x0000000100000000)
  region size 1024K, 3 young (3072K), 3 survivors (3072K)
 Metaspace       used 40085K, committed 40448K, reserved 1089536K
  class space    used 5151K, committed 5312K, reserved 1048576K
}
Event: 6.330 GC heap before
{Heap before GC invocations=16 (full 0):
 garbage-first heap   total 70656K, used 53583K [0x0000000080000000, 0x0000000100000000)
  region size 1024K, 29 young (29696K), 3 survivors (3072K)
 Metaspace       used 41853K, committed 42240K, reserved 1089536K
  class space    used 5440K, committed 5632K, reserved 1048576K
}
Event: 6.341 GC heap after
{Heap after GC invocations=17 (full 0):
 garbage-first heap   total 70656K, used 27230K [0x0000000080000000, 0x0000000100000000)
  region size 1024K, 2 young (2048K), 2 survivors (2048K)
 Metaspace       used 41853K, committed 42240K, reserved 1089536K
  class space    used 5440K, committed 5632K, reserved 1048576K
}
Event: 7.138 GC heap before
{Heap before GC invocations=17 (full 0):
 garbage-first heap   total 70656K, used 53854K [0x0000000080000000, 0x0000000100000000)
  region size 1024K, 28 young (28672K), 2 survivors (2048K)
 Metaspace       used 48578K, committed 49024K, reserved 1097728K
  class space    used 6509K, committed 6720K, reserved 1048576K
}
Event: 7.148 GC heap after
{Heap after GC invocations=18 (full 0):
 garbage-first heap   total 70656K, used 28766K [0x0000000080000000, 0x0000000100000000)
  region size 1024K, 3 young (3072K), 3 survivors (3072K)
 Metaspace       used 48578K, committed 49024K, reserved 1097728K
  class space    used 6509K, committed 6720K, reserved 1048576K
}
Event: 7.770 GC heap before
{Heap before GC invocations=18 (full 0):
 garbage-first heap   total 70656K, used 54366K [0x0000000080000000, 0x0000000100000000)
  region size 1024K, 28 young (28672K), 3 survivors (3072K)
 Metaspace       used 54802K, committed 55232K, reserved 1097728K
  class space    used 7300K, committed 7488K, reserved 1048576K
}
Event: 7.783 GC heap after
{Heap after GC invocations=19 (full 0):
 garbage-first heap   total 70656K, used 31222K [0x0000000080000000, 0x0000000100000000)
  region size 1024K, 4 young (4096K), 4 survivors (4096K)
 Metaspace       used 54802K, committed 55232K, reserved 1097728K
  class space    used 7300K, committed 7488K, reserved 1048576K
}
Event: 8.405 GC heap before
{Heap before GC invocations=19 (full 0):
 garbage-first heap   total 70656K, used 54774K [0x0000000080000000, 0x0000000100000000)
  region size 1024K, 27 young (27648K), 4 survivors (4096K)
 Metaspace       used 59586K, committed 60032K, reserved 1105920K
  class space    used 8094K, committed 8320K, reserved 1048576K
}
Event: 8.420 GC heap after
{Heap after GC invocations=20 (full 0):
 garbage-first heap   total 87040K, used 32584K [0x0000000080000000, 0x0000000100000000)
  region size 1024K, 2 young (2048K), 2 survivors (2048K)
 Metaspace       used 59586K, committed 60032K, reserved 1105920K
  class space    used 8094K, committed 8320K, reserved 1048576K
}
Event: 8.455 GC heap before
{Heap before GC invocations=20 (full 0):
 garbage-first heap   total 87040K, used 33608K [0x0000000080000000, 0x0000000100000000)
  region size 1024K, 4 young (4096K), 2 survivors (2048K)
 Metaspace       used 60030K, committed 60480K, reserved 1105920K
  class space    used 8153K, committed 8384K, reserved 1048576K
}
Event: 8.461 GC heap after
{Heap after GC invocations=21 (full 0):
 garbage-first heap   total 87040K, used 32266K [0x0000000080000000, 0x0000000100000000)
  region size 1024K, 2 young (2048K), 2 survivors (2048K)
 Metaspace       used 60030K, committed 60480K, reserved 1105920K
  class space    used 8153K, committed 8384K, reserved 1048576K
}
Event: 9.183 GC heap before
{Heap before GC invocations=22 (full 0):
 garbage-first heap   total 87040K, used 67082K [0x0000000080000000, 0x0000000100000000)
  region size 1024K, 36 young (36864K), 2 survivors (2048K)
 Metaspace       used 63472K, committed 63936K, reserved 1105920K
  class space    used 8704K, committed 8896K, reserved 1048576K
}
Event: 9.198 GC heap after
{Heap after GC invocations=23 (full 0):
 garbage-first heap   total 87040K, used 35123K [0x0000000080000000, 0x0000000100000000)
  region size 1024K, 5 young (5120K), 5 survivors (5120K)
 Metaspace       used 63472K, committed 63936K, reserved 1105920K
  class space    used 8704K, committed 8896K, reserved 1048576K
}
Event: 9.246 GC heap before
{Heap before GC invocations=23 (full 0):
 garbage-first heap   total 87040K, used 36147K [0x0000000080000000, 0x0000000100000000)
  region size 1024K, 6 young (6144K), 5 survivors (5120K)
 Metaspace       used 63537K, committed 63936K, reserved 1105920K
  class space    used 8712K, committed 8896K, reserved 1048576K
}
Event: 9.260 GC heap after
{Heap after GC invocations=24 (full 0):
 garbage-first heap   total 87040K, used 35576K [0x0000000080000000, 0x0000000100000000)
  region size 1024K, 1 young (1024K), 1 survivors (1024K)
 Metaspace       used 63537K, committed 63936K, reserved 1105920K
  class space    used 8712K, committed 8896K, reserved 1048576K
}
Event: 9.971 GC heap before
{Heap before GC invocations=24 (full 0):
 garbage-first heap   total 87040K, used 68344K [0x0000000080000000, 0x0000000100000000)
  region size 1024K, 33 young (33792K), 1 survivors (1024K)
 Metaspace       used 66257K, committed 66752K, reserved 1105920K
  class space    used 9184K, committed 9408K, reserved 1048576K
}
Event: 9.984 GC heap after
{Heap after GC invocations=25 (full 0):
 garbage-first heap   total 87040K, used 37766K [0x0000000080000000, 0x0000000100000000)
  region size 1024K, 3 young (3072K), 3 survivors (3072K)
 Metaspace       used 66257K, committed 66752K, reserved 1105920K
  class space    used 9184K, committed 9408K, reserved 1048576K
}
Event: 11.066 GC heap before
{Heap before GC invocations=26 (full 0):
 garbage-first heap   total 87040K, used 68486K [0x0000000080000000, 0x0000000100000000)
  region size 1024K, 33 young (33792K), 3 survivors (3072K)
 Metaspace       used 70413K, committed 70912K, reserved 1114112K
  class space    used 9796K, committed 9984K, reserved 1048576K
}
Event: 11.084 GC heap after
{Heap after GC invocations=27 (full 0):
 garbage-first heap   total 87040K, used 41320K [0x0000000080000000, 0x0000000100000000)
  region size 1024K, 4 young (4096K), 4 survivors (4096K)
 Metaspace       used 70413K, committed 70912K, reserved 1114112K
  class space    used 9796K, committed 9984K, reserved 1048576K
}
Event: 11.120 GC heap before
{Heap before GC invocations=27 (full 0):
 garbage-first heap   total 87040K, used 42344K [0x0000000080000000, 0x0000000100000000)
  region size 1024K, 5 young (5120K), 4 survivors (4096K)
 Metaspace       used 70639K, committed 71104K, reserved 1114112K
  class space    used 9826K, committed 10048K, reserved 1048576K
}

Deoptimization events (12 events):
Event: 2.080 Thread 0x00000213d74bdd90 DEOPT PACKING pc=0x00000213cbab0499 sp=0x000000c1664fca90
Event: 2.080 Thread 0x00000213d74bdd90 DEOPT UNPACKING pc=0x00000213cb616763 sp=0x000000c1664fbf70 mode 3
Event: 3.919 Thread 0x00000213d74bdd90 DEOPT PACKING pc=0x00000213cba9e294 sp=0x000000c1664fcf80
Event: 3.919 Thread 0x00000213d74bdd90 DEOPT UNPACKING pc=0x00000213cb616763 sp=0x000000c1664fc4d8 mode 0
Event: 6.247 Thread 0x00000213d74bdd90 DEOPT PACKING pc=0x00000213cbd7c57d sp=0x000000c1664fbf60
Event: 6.247 Thread 0x00000213d74bdd90 DEOPT UNPACKING pc=0x00000213cb616763 sp=0x000000c1664fb4c8 mode 3
Event: 8.906 Thread 0x00000213d74bdd90 DEOPT PACKING pc=0x00000213cbac39d2 sp=0x000000c1664fbf90
Event: 8.907 Thread 0x00000213d74bdd90 DEOPT UNPACKING pc=0x00000213cb616763 sp=0x000000c1664fb498 mode 3
Event: 8.907 Thread 0x00000213d74bdd90 DEOPT PACKING pc=0x00000213cba9a7c5 sp=0x000000c1664fbf50
Event: 8.907 Thread 0x00000213d74bdd90 DEOPT UNPACKING pc=0x00000213cb616763 sp=0x000000c1664fb498 mode 3
Event: 9.892 Thread 0x00000213d74bdd90 DEOPT PACKING pc=0x00000213cbfd2519 sp=0x000000c1664fcd30
Event: 9.892 Thread 0x00000213d74bdd90 DEOPT UNPACKING pc=0x00000213cb616763 sp=0x000000c1664fc210 mode 3

Classes unloaded (0 events):
No events

Classes redefined (0 events):
No events

Internal exceptions (20 events):
Event: 10.193 Thread 0x00000213d74bdd90 Exception <a 'java/lang/ClassNotFoundException'{0x0000000084f1a3d8}: org/springframework/cloud/context/scope/GenericScopeCustomizer> (0x0000000084f1a3d8) 
thrown [s\src\hotspot\share\classfile\systemDictionary.cpp, line 256]
Event: 10.194 Thread 0x00000213d74bdd90 Exception <a 'java/lang/ClassNotFoundException'{0x0000000084f2e040}: org/springframework/beans/factory/config/ScopeCustomizer> (0x0000000084f2e040) 
thrown [s\src\hotspot\share\classfile\systemDictionary.cpp, line 256]
Event: 10.195 Thread 0x00000213d74bdd90 Exception <a 'java/lang/ClassNotFoundException'{0x0000000084f39360}: org/springframework/beans/factory/config/BeanFactoryPostProcessorCustomizer> (0x0000000084f39360) 
thrown [s\src\hotspot\share\classfile\systemDictionary.cpp, line 256]
Event: 10.196 Thread 0x00000213d74bdd90 Exception <a 'java/lang/ClassNotFoundException'{0x0000000084f43370}: org/springframework/beans/factory/support/BeanDefinitionRegistryPostProcessorCustomizer> (0x0000000084f43370) 
thrown [s\src\hotspot\share\classfile\systemDictionary.cpp, line 256]
Event: 10.198 Thread 0x00000213d74bdd90 Exception <a 'java/lang/ClassNotFoundException'{0x0000000084f4cd80}: org/springframework/beans/factory/config/BeanFactoryPostProcessorCustomizer> (0x0000000084f4cd80) 
thrown [s\src\hotspot\share\classfile\systemDictionary.cpp, line 256]
Event: 10.199 Thread 0x00000213d74bdd90 Exception <a 'java/lang/ClassNotFoundException'{0x0000000084f55f40}: org/springframework/beans/factory/DisposableBeanCustomizer> (0x0000000084f55f40) 
thrown [s\src\hotspot\share\classfile\systemDictionary.cpp, line 256]
Event: 10.203 Thread 0x00000213d74bdd90 Exception <a 'java/lang/ClassNotFoundException'{0x0000000084f67530}: java/lang/ObjectCustomizer> (0x0000000084f67530) 
thrown [s\src\hotspot\share\classfile\systemDictionary.cpp, line 256]
Event: 10.205 Thread 0x00000213d74bdd90 Exception <a 'java/lang/ClassNotFoundException'{0x0000000084f73b68}: org/springframework/cloud/context/properties/ConfigurationPropertiesRebinderCustomizer> (0x0000000084f73b68) 
thrown [s\src\hotspot\share\classfile\systemDictionary.cpp, line 256]
Event: 10.213 Thread 0x00000213d74bdd90 Exception <a 'java/lang/ClassNotFoundException'{0x0000000084f89088}: org/springframework/context/ApplicationContextAwareCustomizer> (0x0000000084f89088) 
thrown [s\src\hotspot\share\classfile\systemDictionary.cpp, line 256]
Event: 10.215 Thread 0x00000213d74bdd90 Exception <a 'java/lang/ClassNotFoundException'{0x0000000084f927b0}: org/springframework/beans/factory/AwareCustomizer> (0x0000000084f927b0) 
thrown [s\src\hotspot\share\classfile\systemDictionary.cpp, line 256]
Event: 10.216 Thread 0x00000213d74bdd90 Exception <a 'java/lang/ClassNotFoundException'{0x0000000084f9ad60}: org/springframework/context/ApplicationListenerCustomizer> (0x0000000084f9ad60) 
thrown [s\src\hotspot\share\classfile\systemDictionary.cpp, line 256]
Event: 10.216 Thread 0x00000213d74bdd90 Exception <a 'java/lang/ClassNotFoundException'{0x0000000084f9eb08}: java/util/EventListenerCustomizer> (0x0000000084f9eb08) 
thrown [s\src\hotspot\share\classfile\systemDictionary.cpp, line 256]
Event: 10.218 Thread 0x00000213d74bdd90 Exception <a 'java/lang/ClassNotFoundException'{0x0000000084fa6a30}: java/lang/ObjectCustomizer> (0x0000000084fa6a30) 
thrown [s\src\hotspot\share\classfile\systemDictionary.cpp, line 256]
Event: 10.219 Thread 0x00000213d74bdd90 Exception <a 'java/lang/ClassNotFoundException'{0x0000000084fb28a8}: org/springframework/jmx/export/metadata/AbstractJmxAttributeCustomizer> (0x0000000084fb28a8) 
thrown [s\src\hotspot\share\classfile\systemDictionary.cpp, line 256]
Event: 10.221 Thread 0x00000213d74bdd90 Exception <a 'java/lang/ClassNotFoundException'{0x0000000084fbe3f8}: org/springframework/jmx/export/metadata/ManagedAttributeCustomizer> (0x0000000084fbe3f8) 
thrown [s\src\hotspot\share\classfile\systemDictionary.cpp, line 256]
Event: 10.253 Thread 0x00000213d74bdd90 Exception <a 'java/lang/NoSuchMethodError'{0x0000000084e0e770}: 'java.lang.Object java.lang.invoke.DirectMethodHandle$Holder.invokeSpecial(java.lang.Object, java.lang.Object, int, java.lang.Object, int, java.lang.Object)'> (0x0000000084e0e770) 
thrown [s\src\hotspot\share\interpreter\linkResolver.cpp, line 759]
Event: 10.253 Thread 0x00000213d74bdd90 Exception <a 'java/lang/NoSuchMethodError'{0x0000000084e16818}: 'java.lang.Object java.lang.invoke.DirectMethodHandle$Holder.newInvokeSpecial(java.lang.Object, java.lang.Object, int, java.lang.Object, int)'> (0x0000000084e16818) 
thrown [s\src\hotspot\share\interpreter\linkResolver.cpp, line 759]
Event: 10.254 Thread 0x00000213d74bdd90 Exception <a 'java/lang/NoSuchMethodError'{0x0000000084e1a918}: 'java.lang.Object java.lang.invoke.DirectMethodHandle$Holder.invokeSpecial(java.lang.Object, java.lang.Object, java.lang.Object, int, java.lang.Object, int)'> (0x0000000084e1a918) 
thrown [s\src\hotspot\share\interpreter\linkResolver.cpp, line 759]
Event: 10.256 Thread 0x00000213d74bdd90 Exception <a 'java/lang/NoSuchMethodError'{0x0000000084e24a50}: 'void java.lang.invoke.DirectMethodHandle$Holder.invokeVirtual(java.lang.Object, java.lang.Object)'> (0x0000000084e24a50) 
thrown [s\src\hotspot\share\interpreter\linkResolver.cpp, line 759]
Event: 10.500 Thread 0x00000213d74bdd90 Exception <a 'sun/nio/fs/WindowsException'{0x00000000848fcfa8}> (0x00000000848fcfa8) 
thrown [s\src\hotspot\share\prims\jni.cpp, line 516]

VM Operations (20 events):
Event: 9.492 Executing VM operation: HandshakeAllThreads done
Event: 9.556 Executing VM operation: HandshakeAllThreads
Event: 9.556 Executing VM operation: HandshakeAllThreads done
Event: 9.923 Executing VM operation: HandshakeAllThreads
Event: 9.923 Executing VM operation: HandshakeAllThreads done
Event: 9.971 Executing VM operation: G1CollectForAllocation
Event: 9.986 Executing VM operation: G1CollectForAllocation done
Event: 10.075 Executing VM operation: G1Concurrent
Event: 10.081 Executing VM operation: G1Concurrent done
Event: 10.123 Executing VM operation: G1Concurrent
Event: 10.124 Executing VM operation: G1Concurrent done
Event: 10.382 Executing VM operation: HandshakeAllThreads
Event: 10.383 Executing VM operation: HandshakeAllThreads done
Event: 10.503 Executing VM operation: HandshakeAllThreads
Event: 10.503 Executing VM operation: HandshakeAllThreads done
Event: 10.887 Executing VM operation: HandshakeAllThreads
Event: 10.887 Executing VM operation: HandshakeAllThreads done
Event: 11.066 Executing VM operation: G1CollectForAllocation
Event: 11.088 Executing VM operation: G1CollectForAllocation done
Event: 11.120 Executing VM operation: G1CollectForAllocation

Events (20 events):
Event: 10.825 loading class java/time/format/DateTimeFormatterBuilder$ReducedPrinterParser
Event: 10.825 loading class java/time/format/DateTimeFormatterBuilder$ReducedPrinterParser done
Event: 10.854 loading class java/util/concurrent/atomic/AtomicMarkableReference
Event: 10.854 loading class java/util/concurrent/atomic/AtomicMarkableReference done
Event: 10.854 loading class java/util/concurrent/atomic/AtomicMarkableReference$Pair
Event: 10.854 loading class java/util/concurrent/atomic/AtomicMarkableReference$Pair done
Event: 10.936 loading class org/w3c/dom/Document
Event: 10.936 loading class org/w3c/dom/Document done
Event: 10.991 loading class sun/reflect/generics/tree/IntSignature
Event: 10.991 loading class sun/reflect/generics/tree/IntSignature done
Event: 11.114 loading class java/nio/StringCharBuffer
Event: 11.114 loading class java/nio/StringCharBuffer done
Event: 11.114 loading class sun/nio/cs/ThreadLocalCoders
Event: 11.114 loading class sun/nio/cs/ThreadLocalCoders done
Event: 11.114 loading class sun/nio/cs/ThreadLocalCoders$1
Event: 11.115 loading class sun/nio/cs/ThreadLocalCoders$Cache
Event: 11.115 loading class sun/nio/cs/ThreadLocalCoders$Cache done
Event: 11.115 loading class sun/nio/cs/ThreadLocalCoders$1 done
Event: 11.115 loading class sun/nio/cs/ThreadLocalCoders$2
Event: 11.115 loading class sun/nio/cs/ThreadLocalCoders$2 done


Dynamic libraries:
0x00007ff78c660000 - 0x00007ff78c66e000 	C:\Users\sfjbs\Downloads\node-20220822T134758Z-001\node\sts-4.15.3.RELEASE\plugins\org.eclipse.justj.openjdk.hotspot.jre.full.win32.x86_64_17.0.4.v20220805-1047\jre\bin\javaw.exe
0x00007ffbee050000 - 0x00007ffbee248000 	C:\Windows\SYSTEM32\ntdll.dll
0x00007ffbecee0000 - 0x00007ffbecf9d000 	C:\Windows\System32\KERNEL32.DLL
0x00007ffbebce0000 - 0x00007ffbebfae000 	C:\Windows\System32\KERNELBASE.dll
0x00007ffbebfb0000 - 0x00007ffbec0b0000 	C:\Windows\System32\ucrtbase.dll
0x00007ffbd3880000 - 0x00007ffbd3898000 	C:\Users\sfjbs\Downloads\node-20220822T134758Z-001\node\sts-4.15.3.RELEASE\plugins\org.eclipse.justj.openjdk.hotspot.jre.full.win32.x86_64_17.0.4.v20220805-1047\jre\bin\jli.dll
0x00007ffbedb50000 - 0x00007ffbedcf0000 	C:\Windows\System32\USER32.dll
0x00007ffbebb70000 - 0x00007ffbebb92000 	C:\Windows\System32\win32u.dll
0x00007ffbed050000 - 0x00007ffbed07a000 	C:\Windows\System32\GDI32.dll
0x00007ffbebbd0000 - 0x00007ffbebcdb000 	C:\Windows\System32\gdi32full.dll
0x00007ffbeb9d0000 - 0x00007ffbeba6d000 	C:\Windows\System32\msvcp_win.dll
0x00007ffbd37c0000 - 0x00007ffbd37d9000 	C:\Users\sfjbs\Downloads\node-20220822T134758Z-001\node\sts-4.15.3.RELEASE\plugins\org.eclipse.justj.openjdk.hotspot.jre.full.win32.x86_64_17.0.4.v20220805-1047\jre\bin\VCRUNTIME140.dll
0x00007ffbe6220000 - 0x00007ffbe64ba000 	C:\Windows\WinSxS\amd64_microsoft.windows.common-controls_6595b64144ccf1df_6.0.19041.1110_none_60b5254171f9507e\COMCTL32.dll
0x00007ffbed1f0000 - 0x00007ffbed28e000 	C:\Windows\System32\msvcrt.dll
0x00007ffbed2a0000 - 0x00007ffbed2d0000 	C:\Windows\System32\IMM32.DLL
0x00007ffbe5a00000 - 0x00007ffbe5a0c000 	C:\Users\sfjbs\Downloads\node-20220822T134758Z-001\node\sts-4.15.3.RELEASE\plugins\org.eclipse.justj.openjdk.hotspot.jre.full.win32.x86_64_17.0.4.v20220805-1047\jre\bin\vcruntime140_1.dll
0x00007ffbc74b0000 - 0x00007ffbc7541000 	C:\Users\sfjbs\Downloads\node-20220822T134758Z-001\node\sts-4.15.3.RELEASE\plugins\org.eclipse.justj.openjdk.hotspot.jre.full.win32.x86_64_17.0.4.v20220805-1047\jre\bin\msvcp140.dll
0x00007ffba72d0000 - 0x00007ffba7f16000 	C:\Users\sfjbs\Downloads\node-20220822T134758Z-001\node\sts-4.15.3.RELEASE\plugins\org.eclipse.justj.openjdk.hotspot.jre.full.win32.x86_64_17.0.4.v20220805-1047\jre\bin\server\jvm.dll
0x00007ffbecdb0000 - 0x00007ffbece5e000 	C:\Windows\System32\ADVAPI32.dll
0x00007ffbed150000 - 0x00007ffbed1ec000 	C:\Windows\System32\sechost.dll
0x00007ffbed2d0000 - 0x00007ffbed3f5000 	C:\Windows\System32\RPCRT4.dll
0x00007ffbed290000 - 0x00007ffbed298000 	C:\Windows\System32\PSAPI.DLL
0x00007ffbdbab0000 - 0x00007ffbdbab9000 	C:\Windows\SYSTEM32\WSOCK32.dll
0x00007ffbedee0000 - 0x00007ffbedf4b000 	C:\Windows\System32\WS2_32.dll
0x00007ffbdd320000 - 0x00007ffbdd347000 	C:\Windows\SYSTEM32\WINMM.dll
0x00007ffbe1ba0000 - 0x00007ffbe1baa000 	C:\Windows\SYSTEM32\VERSION.dll
0x00007ffbe9640000 - 0x00007ffbe9652000 	C:\Windows\SYSTEM32\kernel.appcore.dll
0x00007ffbe8d80000 - 0x00007ffbe8d8a000 	C:\Users\sfjbs\Downloads\node-20220822T134758Z-001\node\sts-4.15.3.RELEASE\plugins\org.eclipse.justj.openjdk.hotspot.jre.full.win32.x86_64_17.0.4.v20220805-1047\jre\bin\jimage.dll
0x00007ffbe5560000 - 0x00007ffbe5744000 	C:\Windows\SYSTEM32\DBGHELP.DLL
0x00007ffbe5530000 - 0x00007ffbe555c000 	C:\Windows\SYSTEM32\dbgcore.DLL
0x00007ffbebae0000 - 0x00007ffbebb62000 	C:\Windows\System32\bcryptPrimitives.dll
0x00007ffbc7950000 - 0x00007ffbc7975000 	C:\Users\sfjbs\Downloads\node-20220822T134758Z-001\node\sts-4.15.3.RELEASE\plugins\org.eclipse.justj.openjdk.hotspot.jre.full.win32.x86_64_17.0.4.v20220805-1047\jre\bin\java.dll
0x00007ffbe59c0000 - 0x00007ffbe59d8000 	C:\Users\sfjbs\Downloads\node-20220822T134758Z-001\node\sts-4.15.3.RELEASE\plugins\org.eclipse.justj.openjdk.hotspot.jre.full.win32.x86_64_17.0.4.v20220805-1047\jre\bin\zip.dll
0x00007ffbed400000 - 0x00007ffbedb43000 	C:\Windows\System32\SHELL32.dll
0x00007ffbe9840000 - 0x00007ffbe9fd5000 	C:\Windows\SYSTEM32\windows.storage.dll
0x00007ffbeca50000 - 0x00007ffbecda4000 	C:\Windows\System32\combase.dll
0x00007ffbeb020000 - 0x00007ffbeb050000 	C:\Windows\SYSTEM32\Wldp.dll
0x00007ffbedf60000 - 0x00007ffbee00d000 	C:\Windows\System32\SHCORE.dll
0x00007ffbec8d0000 - 0x00007ffbec925000 	C:\Windows\System32\shlwapi.dll
0x00007ffbeb6b0000 - 0x00007ffbeb6cf000 	C:\Windows\SYSTEM32\profapi.dll
0x00007ffbe5990000 - 0x00007ffbe59a9000 	C:\Users\sfjbs\Downloads\node-20220822T134758Z-001\node\sts-4.15.3.RELEASE\plugins\org.eclipse.justj.openjdk.hotspot.jre.full.win32.x86_64_17.0.4.v20220805-1047\jre\bin\net.dll
0x00007ffbe4ad0000 - 0x00007ffbe4bda000 	C:\Windows\SYSTEM32\WINHTTP.dll
0x00007ffbeae00000 - 0x00007ffbeae6a000 	C:\Windows\system32\mswsock.dll
0x00007ffbd3ad0000 - 0x00007ffbd3ae5000 	C:\Users\sfjbs\Downloads\node-20220822T134758Z-001\node\sts-4.15.3.RELEASE\plugins\org.eclipse.justj.openjdk.hotspot.jre.full.win32.x86_64_17.0.4.v20220805-1047\jre\bin\nio.dll
0x00007ffbe57d0000 - 0x00007ffbe57d9000 	C:\Users\sfjbs\Downloads\node-20220822T134758Z-001\node\sts-4.15.3.RELEASE\plugins\org.eclipse.justj.openjdk.hotspot.jre.full.win32.x86_64_17.0.4.v20220805-1047\jre\bin\management.dll
0x00007ffbe0f20000 - 0x00007ffbe0f2b000 	C:\Users\sfjbs\Downloads\node-20220822T134758Z-001\node\sts-4.15.3.RELEASE\plugins\org.eclipse.justj.openjdk.hotspot.jre.full.win32.x86_64_17.0.4.v20220805-1047\jre\bin\management_ext.dll
0x00007ffbd7a60000 - 0x00007ffbd7a77000 	C:\Windows\system32\napinsp.dll
0x00007ffbd7a40000 - 0x00007ffbd7a5b000 	C:\Windows\system32\pnrpnsp.dll
0x00007ffbd7a20000 - 0x00007ffbd7a35000 	C:\Windows\system32\wshbth.dll
0x00007ffbe8410000 - 0x00007ffbe842d000 	C:\Windows\system32\NLAapi.dll
0x00007ffbeab10000 - 0x00007ffbeab4b000 	C:\Windows\SYSTEM32\IPHLPAPI.DLL
0x00007ffbeab50000 - 0x00007ffbeac1a000 	C:\Windows\SYSTEM32\DNSAPI.dll
0x00007ffbedf50000 - 0x00007ffbedf58000 	C:\Windows\System32\NSI.dll
0x00007ffbd7a00000 - 0x00007ffbd7a12000 	C:\Windows\System32\winrnr.dll
0x00007ffbe2bb0000 - 0x00007ffbe2bba000 	C:\Windows\System32\rasadhlp.dll
0x00007ffbe4a50000 - 0x00007ffbe4ad0000 	C:\Windows\System32\fwpuclnt.dll
0x00007ffbebba0000 - 0x00007ffbebbc7000 	C:\Windows\System32\bcrypt.dll
0x00007ffbeb060000 - 0x00007ffbeb078000 	C:\Windows\SYSTEM32\CRYPTSP.dll
0x00007ffbea7a0000 - 0x00007ffbea7d4000 	C:\Windows\system32\rsaenh.dll
0x00007ffbeb630000 - 0x00007ffbeb65e000 	C:\Windows\SYSTEM32\USERENV.dll
0x00007ffbeaf90000 - 0x00007ffbeaf9c000 	C:\Windows\SYSTEM32\CRYPTBASE.dll
0x00007ffbe3d10000 - 0x00007ffbe3d27000 	C:\Windows\SYSTEM32\dhcpcsvc6.DLL
0x00007ffbe3720000 - 0x00007ffbe373d000 	C:\Windows\SYSTEM32\dhcpcsvc.DLL
0x00007ffbe6f00000 - 0x00007ffbe6f10000 	C:\Users\sfjbs\Downloads\node-20220822T134758Z-001\node\sts-4.15.3.RELEASE\plugins\org.eclipse.justj.openjdk.hotspot.jre.full.win32.x86_64_17.0.4.v20220805-1047\jre\bin\verify.dll
0x00007ffbe6bc0000 - 0x00007ffbe6bce000 	C:\Users\sfjbs\Downloads\node-20220822T134758Z-001\node\sts-4.15.3.RELEASE\plugins\org.eclipse.justj.openjdk.hotspot.jre.full.win32.x86_64_17.0.4.v20220805-1047\jre\bin\sunmscapi.dll
0x00007ffbeb7c0000 - 0x00007ffbeb916000 	C:\Windows\System32\CRYPT32.dll
0x00007ffbeb170000 - 0x00007ffbeb197000 	C:\Windows\SYSTEM32\ncrypt.dll
0x00007ffbeb130000 - 0x00007ffbeb16b000 	C:\Windows\SYSTEM32\NTASN1.dll

dbghelp: loaded successfully - version: 4.0.5 - missing functions: none
symbol engine: initialized successfully - sym options: 0x614 - pdb path: .;C:\Users\sfjbs\Downloads\node-20220822T134758Z-001\node\sts-4.15.3.RELEASE\plugins\org.eclipse.justj.openjdk.hotspot.jre.full.win32.x86_64_17.0.4.v20220805-1047\jre\bin;C:\Windows\SYSTEM32;C:\Windows\WinSxS\amd64_microsoft.windows.common-controls_6595b64144ccf1df_6.0.19041.1110_none_60b5254171f9507e;C:\Users\sfjbs\Downloads\node-20220822T134758Z-001\node\sts-4.15.3.RELEASE\plugins\org.eclipse.justj.openjdk.hotspot.jre.full.win32.x86_64_17.0.4.v20220805-1047\jre\bin\server

VM Arguments:
jvm_args: -Dcom.sun.management.jmxremote -Dcom.sun.management.jmxremote.port=56248 -Dcom.sun.management.jmxremote.authenticate=false -Dcom.sun.management.jmxremote.ssl=false -Djava.rmi.server.hostname=localhost -Dspring.jmx.enabled=true -Dspring.application.admin.enabled=true -XX:TieredStopAtLevel=1 -Dspring.boot.project.name=UserService -Dfile.encoding=UTF-8 -XX:+ShowCodeDetailsInExceptionMessages 
java_command: com.user.app.UserServiceApplication --spring.output.ansi.enabled=always
java_class_path (initial): C:\Users\sfjbs\Documents\java batch\main-training\filght-management-system\UserService\target\classes;C:\Users\sfjbs\.m2\repository\org\springframework\boot\spring-boot-starter-data-jdbc\2.7.4\spring-boot-starter-data-jdbc-2.7.4.jar;C:\Users\sfjbs\.m2\repository\org\springframework\boot\spring-boot-starter-jdbc\2.7.4\spring-boot-starter-jdbc-2.7.4.jar;C:\Users\sfjbs\.m2\repository\com\zaxxer\HikariCP\4.0.3\HikariCP-4.0.3.jar;C:\Users\sfjbs\.m2\repository\org\springframework\spring-jdbc\5.3.23\spring-jdbc-5.3.23.jar;C:\Users\sfjbs\.m2\repository\org\springframework\data\spring-data-jdbc\2.4.3\spring-data-jdbc-2.4.3.jar;C:\Users\sfjbs\.m2\repository\org\springframework\data\spring-data-relational\2.4.3\spring-data-relational-2.4.3.jar;C:\Users\sfjbs\.m2\repository\org\springframework\data\spring-data-commons\2.7.3\spring-data-commons-2.7.3.jar;C:\Users\sfjbs\.m2\repository\org\springframework\spring-tx\5.3.23\spring-tx-5.3.23.jar;C:\Users\sfjbs\.m2\repository\org\springframework\spring-context\5.3.23\spring-context-5.3.23.jar;C:\Users\sfjbs\.m2\repository\org\springframework\spring-beans\5.3.23\spring-beans-5.3.23.jar;C:\Users\sfjbs\.m2\repository\org\slf4j\slf4j-api\1.7.36\slf4j-api-1.7.36.jar;C:\Users\sfjbs\.m2\repository\org\springframework\boot\spring-boot-starter-data-jpa\2.7.4\spring-boot-starter-data-jpa-2.7.4.jar;C:\Users\sfjbs\.m2\repository\org\springframework\boot\spring-boot-starter-aop\2.7.4\spring-boot-starter-aop-2.7.4.jar;C:\Users\sfjbs\.m2\repository\org\springframework\spring-aop\5.3.23\spring-aop-5.3.23.jar;C:\Users\sfjbs\.m2\repository\org\aspectj\aspectjweaver\1.9.7\aspectjweaver-1.9.7.jar;C:\Users\sfjbs\.m2\repository\jakarta\transaction\jakarta.transaction-api\1.3.3\jakarta.transaction-api-1.3.3.jar;C:\Users\sfjbs\.m2\repository\jakarta\persistence\jakarta.persistence-api\2.2.3\jakarta.persistence-api-2.2.3.jar;C:\Users\sfjbs\.m2\repository\org\hibernate\hibernate-core\5.6.11.Final\hibernate-core-5.6.11.Final.jar;C:\
Launcher Type: SUN_STANDARD

[Global flags]
     intx CICompilerCount                          = 2                                         {product} {ergonomic}
     uint ConcGCThreads                            = 1                                         {product} {ergonomic}
     uint G1ConcRefinementThreads                  = 2                                         {product} {ergonomic}
   size_t G1HeapRegionSize                         = 1048576                                   {product} {ergonomic}
    uintx GCDrainStackTargetSize                   = 64                                        {product} {ergonomic}
   size_t InitialHeapSize                          = 134217728                                 {product} {ergonomic}
     bool ManagementServer                         = true                                      {product} {command line}
   size_t MarkStackSize                            = 4194304                                   {product} {ergonomic}
   size_t MaxHeapSize                              = 2147483648                                {product} {ergonomic}
   size_t MaxNewSize                               = 1287651328                                {product} {ergonomic}
   size_t MinHeapDeltaBytes                        = 1048576                                   {product} {ergonomic}
   size_t MinHeapSize                              = 8388608                                   {product} {ergonomic}
    uintx NonProfiledCodeHeapSize                  = 0                                      {pd product} {ergonomic}
     bool ProfileInterpreter                       = false                                  {pd product} {command line}
    uintx ProfiledCodeHeapSize                     = 0                                      {pd product} {ergonomic}
     bool ShowCodeDetailsInExceptionMessages       = true                                   {manageable} {command line}
   size_t SoftMaxHeapSize                          = 2147483648                             {manageable} {ergonomic}
     intx TieredStopAtLevel                        = 1                                         {product} {command line}
     bool UseCompressedClassPointers               = true                           {product lp64_product} {ergonomic}
     bool UseCompressedOops                        = true                           {product lp64_product} {ergonomic}
     bool UseG1GC                                  = true                                      {product} {ergonomic}
     bool UseLargePagesIndividualAllocation        = false                                  {pd product} {ergonomic}

Logging:
Log output configuration:
 #0: stdout all=warning uptime,level,tags
 #1: stderr all=off uptime,level,tags

Environment Variables:
PATH=C:/Users/sfjbs/Downloads/node-20220822T134758Z-001/node/sts-4.15.3.RELEASE//plugins/org.eclipse.justj.openjdk.hotspot.jre.full.win32.x86_64_17.0.4.v20220805-1047/jre/bin/server;C:/Users/sfjbs/Downloads/node-20220822T134758Z-001/node/sts-4.15.3.RELEASE//plugins/org.eclipse.justj.openjdk.hotspot.jre.full.win32.x86_64_17.0.4.v20220805-1047/jre/bin;C:\Python310\Scripts\;C:\Python310\;C:\Program Files\Common Files\Oracle\Java\javapath;C:\Windows\system32;C:\Windows;C:\Windows\System32\Wbem;C:\Windows\System32\WindowsPowerShell\v1.0\;C:\Windows\System32\OpenSSH\;C:\Program Files\nodejs\;C:\ProgramData\chocolatey\bin;C:\Program Files\Docker\Docker\resources\bin;C:\ProgramData\DockerDesktop\version-bin;C:\Program Files\Git\cmd;C:\Users\sfjbs\AppData\Local\Microsoft\WindowsApps;C:\Users\sfjbs\AppData\Roaming\npm;C:\Users\sfjbs\AppData\Local\Programs\Microsoft VS Code\bin;C:\Program Files\MongoDB\Server\5.0\bin;C:\Program Files\apache-maven-3.8.6\apache-maven\src\bin;;C:\Users\sfjbs\Downloads\node-20220822T134758Z-001\node\sts-4.15.3.RELEASE;
USERNAME=sfjbs
OS=Windows_NT
PROCESSOR_IDENTIFIER=Intel64 Family 6 Model 85 Stepping 7, GenuineIntel
TMP=C:\Users\sfjbs\AppData\Local\Temp
TEMP=C:\Users\sfjbs\AppData\Local\Temp



---------------  S Y S T E M  ---------------

OS:
 Windows 10 , 64 bit Build 19041 (10.0.19041.1889)
OS uptime: 11 days 18:18 hours
Hyper-V role detected

CPU: total 2 (initial active 2) (1 cores per cpu, 2 threads per core) family 6 model 85 stepping 7 microcode 0xffffffff, cx8, cmov, fxsr, ht, mmx, 3dnowpref, sse, sse2, sse3, ssse3, sse4.1, sse4.2, popcnt, lzcnt, tsc, avx, avx2, aes, erms, clmul, bmi1, bmi2, rtm, adx, avx512f, avx512dq, avx512cd, avx512bw, avx512vl, fma, vzeroupper, clflush, clflushopt, hv

Memory: 4k page, system-wide physical 8190M (895M free)
TotalPageFile size 10238M (AvailPageFile size 4M)
current process WorkingSet (physical memory assigned to process): 234M, peak: 234M
current process commit charge ("private bytes"): 322M, peak: 326M

vm_info: OpenJDK 64-Bit Server VM (17.0.4+8) for windows-amd64 JRE (17.0.4+8), built on Jul 19 2022 16:05:16 by "temurin" with MS VC++ 16.7 (VS2019)

END.
